12:48:01 **** Incremental Build of configuration Debug for project Laboratorio7 ****
make -j8 all 
arm-none-eabi-gcc "../Core/Src/main.c" -mcpu=cortex-m4 -std=gnu11 -g3 -DDEBUG -DUSE_HAL_DRIVER -DSTM32F446xx -c -I../Core/Inc -I../Drivers/STM32F4xx_HAL_Driver/Inc -I../Drivers/STM32F4xx_HAL_Driver/Inc/Legacy -I../Drivers/CMSIS/Device/ST/STM32F4xx/Include -I../Drivers/CMSIS/Include -I../FATFS/Target -I../FATFS/App -I../Middlewares/Third_Party/FatFs/src -O0 -ffunction-sections -fdata-sections -Wall -fstack-usage -fcyclomatic-complexity -MMD -MP -MF"Core/Src/main.d" -MT"Core/Src/main.o" --specs=nano.specs -mfpu=fpv4-sp-d16 -mfloat-abi=hard -mthumb -o "Core/Src/main.o"
../Core/Src/main.c: In function 'main':
../Core/Src/main.c:133:3: warning: "/*" within comment [-Wcomment]
  133 |   /*Waiting for the Micro SD module to inicialitize
      |    
../Core/Src/main.c:116:11: warning: unused variable 'pruebas3' [-Wunused-variable]
  116 |   uint8_t pruebas3[] = "pruebas3.txt";
      |           ^~~~~~~~
../Core/Src/main.c:115:11: warning: unused variable 'pruebas2' [-Wunused-variable]
  115 |   uint8_t pruebas2[] = "pruebas2.txt";
      |           ^~~~~~~~
../Core/Src/main.c:114:11: warning: unused variable 'pruebas1' [-Wunused-variable]
  114 |   uint8_t pruebas1[] = "pruebas1.txt";
      |           ^~~~~~~~
../Core/Src/main.c:113:11: warning: unused variable 'pruebas' [-Wunused-variable]
  113 |   uint8_t pruebas[] = "pruebas.txt";
      |           ^~~~~~~
../Core/Src/main.c: In function 'HAL_UART_RxCpltCallback':
../Core/Src/main.c:502:26: error: 'indx' undeclared (first use in this function); did you mean 'index'?
  502 |         memcpy (buffer + indx, temp, 1);
      |                          ^~~~
      |                          index
../Core/Src/main.c:502:26: note: each undeclared identifier is reported only once for each function it appears in
../Core/Src/main.c:502:32: error: 'temp' undeclared (first use in this function)
  502 |         memcpy (buffer + indx, temp, 1);
      |                                ^~~~
make: *** [Core/Src/subdir.mk:37: Core/Src/main.o] Error 1
"make -j8 all" terminated with exit code 2. Build might be incomplete.
12:48:37 **** Build of configuration Debug for project Lab6 ****
make -j8 all 
arm-none-eabi-size  Lab6.elf 
   text	   data	    bss	    dec	    hex	filename
  15304	     12	   1884	  17200	   4330	Lab6.elf
Finished building: default.size.stdout
 
12:48:38 **** Build of configuration Debug for project Laboratorio 5 ****
make -j8 all 
arm-none-eabi-size  Laboratorio\ 5.elf 
   text	   data	    bss	    dec	    hex	filename
   9936	     12	   1652	  11600	   2d50	Laboratorio 5.elf
Finished building: default.size.stdout
 
12:48:39 **** Build of configuration Debug for project Laboratorio 6 ****
make -j8 all 
arm-none-eabi-size  Laboratorio\ 6.elf 
   text	   data	    bss	    dec	    hex	filename
  23128	    108	   2260	  25496	   6398	Laboratorio 6.elf
Finished building: default.size.stdout
 
12:48:40 **** Incremental Build of configuration Debug for project Laboratorio7 ****
make -j8 all 
arm-none-eabi-gcc "../Core/Src/main.c" -mcpu=cortex-m4 -std=gnu11 -g3 -DDEBUG -DUSE_HAL_DRIVER -DSTM32F446xx -c -I../Core/Inc -I../Drivers/STM32F4xx_HAL_Driver/Inc -I../Drivers/STM32F4xx_HAL_Driver/Inc/Legacy -I../Drivers/CMSIS/Device/ST/STM32F4xx/Include -I../Drivers/CMSIS/Include -I../FATFS/Target -I../FATFS/App -I../Middlewares/Third_Party/FatFs/src -O0 -ffunction-sections -fdata-sections -Wall -fstack-usage -fcyclomatic-complexity -MMD -MP -MF"Core/Src/main.d" -MT"Core/Src/main.o" --specs=nano.specs -mfpu=fpv4-sp-d16 -mfloat-abi=hard -mthumb -o "Core/Src/main.o"
../Core/Src/main.c: In function 'main':
../Core/Src/main.c:135:3: warning: "/*" within comment [-Wcomment]
  135 |   /*Waiting for the Micro SD module to inicialitize
      |    
../Core/Src/main.c:118:11: warning: unused variable 'pruebas3' [-Wunused-variable]
  118 |   uint8_t pruebas3[] = "pruebas3.txt";
      |           ^~~~~~~~
../Core/Src/main.c:117:11: warning: unused variable 'pruebas2' [-Wunused-variable]
  117 |   uint8_t pruebas2[] = "pruebas2.txt";
      |           ^~~~~~~~
../Core/Src/main.c:116:11: warning: unused variable 'pruebas1' [-Wunused-variable]
  116 |   uint8_t pruebas1[] = "pruebas1.txt";
      |           ^~~~~~~~
../Core/Src/main.c:115:11: warning: unused variable 'pruebas' [-Wunused-variable]
  115 |   uint8_t pruebas[] = "pruebas.txt";
      |           ^~~~~~~
arm-none-eabi-gcc -o "Laboratorio7.elf" @"objects.list"   -mcpu=cortex-m4 -T"C:\Users\bjosu\OneDrive\Documentos\GitHub\Digital-2\Laboratorio7\STM32F446RETX_FLASH.ld" --specs=nosys.specs -Wl,-Map="Laboratorio7.map" -Wl,--gc-sections -static --specs=nano.specs -mfpu=fpv4-sp-d16 -mfloat-abi=hard -mthumb -Wl,--start-group -lc -lm -Wl,--end-group
Finished building target: Laboratorio7.elf
 
arm-none-eabi-size  Laboratorio7.elf 
arm-none-eabi-objdump -h -S Laboratorio7.elf  > "Laboratorio7.list"
   text	   data	    bss	    dec	    hex	filename
  33920	    116	  11116	  45152	   b060	Laboratorio7.elf
Finished building: default.size.stdout
 
Finished building: Laboratorio7.list
 
12:48:42 **** Build of configuration Debug for project prueba ****
make -j8 all 
arm-none-eabi-size  prueba.elf 
   text	   data	    bss	    dec	    hex	filename
   8468	     12	   1644	  10124	   278c	prueba.elf
Finished building: default.size.stdout
 
13:45:27 **** Incremental Build of configuration Debug for project Laboratorio7 ****
make -j8 all 
arm-none-eabi-gcc "../Core/Src/main.c" -mcpu=cortex-m4 -std=gnu11 -g3 -DDEBUG -DUSE_HAL_DRIVER -DSTM32F446xx -c -I../Core/Inc -I../Drivers/STM32F4xx_HAL_Driver/Inc -I../Drivers/STM32F4xx_HAL_Driver/Inc/Legacy -I../Drivers/CMSIS/Device/ST/STM32F4xx/Include -I../Drivers/CMSIS/Include -I../FATFS/Target -I../FATFS/App -I../Middlewares/Third_Party/FatFs/src -O0 -ffunction-sections -fdata-sections -Wall -fstack-usage -fcyclomatic-complexity -MMD -MP -MF"Core/Src/main.d" -MT"Core/Src/main.o" --specs=nano.specs -mfpu=fpv4-sp-d16 -mfloat-abi=hard -mthumb -o "Core/Src/main.o"
../Core/Src/main.c: In function 'main':
../Core/Src/main.c:172:60: error: subscripted value is neither array nor pointer nor vector
  172 |                                         if (buffer_terminal[i] == 49){   //117 es ASCII de u
      |                                                            ^
../Core/Src/main.c:177:60: error: subscripted value is neither array nor pointer nor vector
  177 |                                         if (buffer_terminal[i] == 50){   //100 es ASCII de d
      |                                                            ^
../Core/Src/main.c:183:60: error: subscripted value is neither array nor pointer nor vector
  183 |                                         if (buffer_terminal[i] == 51){   //108 es ASCII de l
      |                                                            ^
../Core/Src/main.c:188:60: error: subscripted value is neither array nor pointer nor vector
  188 |                                         if (buffer_terminal[i] == 52){   //114 es ASCII de l
      |                                                            ^
../Core/Src/main.c:199:49: warning: pointer targets in passing argument 2 of 'f_open' differ in signedness [-Wpointer-sign]
  199 |                             fres = f_open(&fil, pruebas, FA_READ);
      |                                                 ^~~~~~~
      |                                                 |
      |                                                 uint8_t * {aka unsigned char *}
In file included from ../FATFS/App/fatfs.h:26,
                 from ../Core/Src/main.c:21:
../Middlewares/Third_Party/FatFs/src/ff.h:242:39: note: expected 'const TCHAR *' {aka 'const char *'} but argument is of type 'uint8_t *' {aka 'unsigned char *'}
  242 | FRESULT f_open (FIL* fp, const TCHAR* path, BYTE mode);                         /* Open or create a file */
      |                          ~~~~~~~~~~~~~^~~~
../Core/Src/main.c:226:57: warning: pointer targets in passing argument 2 of 'f_open' differ in signedness [-Wpointer-sign]
  226 |                                     fres = f_open(&fil, pruebas1, FA_READ);
      |                                                         ^~~~~~~~
      |                                                         |
      |                                                         uint8_t * {aka unsigned char *}
../Middlewares/Third_Party/FatFs/src/ff.h:242:39: note: expected 'const TCHAR *' {aka 'const char *'} but argument is of type 'uint8_t *' {aka 'unsigned char *'}
  242 | FRESULT f_open (FIL* fp, const TCHAR* path, BYTE mode);                         /* Open or create a file */
      |                          ~~~~~~~~~~~~~^~~~
../Core/Src/main.c:251:57: warning: pointer targets in passing argument 2 of 'f_open' differ in signedness [-Wpointer-sign]
  251 |                                     fres = f_open(&fil, pruebas3, FA_READ);
      |                                                         ^~~~~~~~
      |                                                         |
      |                                                         uint8_t * {aka unsigned char *}
../Middlewares/Third_Party/FatFs/src/ff.h:242:39: note: expected 'const TCHAR *' {aka 'const char *'} but argument is of type 'uint8_t *' {aka 'unsigned char *'}
  242 | FRESULT f_open (FIL* fp, const TCHAR* path, BYTE mode);                         /* Open or create a file */
      |                          ~~~~~~~~~~~~~^~~~
../Core/Src/main.c:276:57: error: 'pruebas4' undeclared (first use in this function); did you mean 'pruebas3'?
  276 |                                     fres = f_open(&fil, pruebas4, FA_READ);
      |                                                         ^~~~~~~~
      |                                                         pruebas3
../Core/Src/main.c:276:57: note: each undeclared identifier is reported only once for each function it appears in
../Core/Src/main.c:123:11: warning: unused variable 'pruebas2' [-Wunused-variable]
  123 |   uint8_t pruebas2[] = "pruebas2.txt";
      |           ^~~~~~~~
../Core/Src/main.c: At top level:
../Core/Src/main.c:320:1: error: expected identifier or '(' before '}' token
  320 | }
      | ^
../Core/Src/main.c: In function 'HAL_UART_RxCpltCallback':
../Core/Src/main.c:517:33: warning: passing argument 1 of 'memcpy' makes pointer from integer without a cast [-Wint-conversion]
  517 |         memcpy (buffer_terminal + indx, temp, 1);
      |                 ~~~~~~~~~~~~~~~~^~~~~~
      |                                 |
      |                                 int
In file included from ../Core/Src/main.c:26:
C:\ST\STM32CubeIDE_1.18.0\STM32CubeIDE\plugins\com.st.stm32cube.ide.mcu.externaltools.gnu-tools-for-stm32.13.3.rel1.win32_1.0.0.202411081344\tools\bin/../lib/gcc/arm-none-eabi/13.3.1/../../../../arm-none-eabi/include/string.h:31:18: note: expected 'void * restrict' but argument is of type 'int'
   31 | void *   memcpy (void *__restrict, const void *__restrict, size_t);
      |                  ^
make: *** [Core/Src/subdir.mk:37: Core/Src/main.o] Error 1
"make -j8 all" terminated with exit code 2. Build might be incomplete.
13:47:02 **** Incremental Build of configuration Debug for project Lab6 ****
make -j8 all 
arm-none-eabi-size  Lab6.elf 
   text	   data	    bss	    dec	    hex	filename
  15304	     12	   1884	  17200	   4330	Lab6.elf
Finished building: default.size.stdout
 
13:47:04 **** Incremental Build of configuration Debug for project Laboratorio 5 ****
make -j8 all 
arm-none-eabi-size  Laboratorio\ 5.elf 
   text	   data	    bss	    dec	    hex	filename
   9936	     12	   1652	  11600	   2d50	Laboratorio 5.elf
Finished building: default.size.stdout
 
13:47:05 **** Incremental Build of configuration Debug for project Laboratorio 6 ****
make -j8 all 
arm-none-eabi-size  Laboratorio\ 6.elf 
   text	   data	    bss	    dec	    hex	filename
  23128	    108	   2260	  25496	   6398	Laboratorio 6.elf
Finished building: default.size.stdout
 
13:47:06 **** Incremental Build of configuration Debug for project Laboratorio7 ****
make -j8 all 
arm-none-eabi-gcc "../Core/Src/main.c" -mcpu=cortex-m4 -std=gnu11 -g3 -DDEBUG -DUSE_HAL_DRIVER -DSTM32F446xx -c -I../Core/Inc -I../Drivers/STM32F4xx_HAL_Driver/Inc -I../Drivers/STM32F4xx_HAL_Driver/Inc/Legacy -I../Drivers/CMSIS/Device/ST/STM32F4xx/Include -I../Drivers/CMSIS/Include -I../FATFS/Target -I../FATFS/App -I../Middlewares/Third_Party/FatFs/src -O0 -ffunction-sections -fdata-sections -Wall -fstack-usage -fcyclomatic-complexity -MMD -MP -MF"Core/Src/main.d" -MT"Core/Src/main.o" --specs=nano.specs -mfpu=fpv4-sp-d16 -mfloat-abi=hard -mthumb -o "Core/Src/main.o"
../Core/Src/main.c: In function 'main':
../Core/Src/main.c:172:60: error: subscripted value is neither array nor pointer nor vector
  172 |                                         if (buffer_terminal[i] == 49){   //117 es ASCII de u
      |                                                            ^
../Core/Src/main.c:177:60: error: subscripted value is neither array nor pointer nor vector
  177 |                                         if (buffer_terminal[i] == 50){   //100 es ASCII de d
      |                                                            ^
../Core/Src/main.c:183:60: error: subscripted value is neither array nor pointer nor vector
  183 |                                         if (buffer_terminal[i] == 51){   //108 es ASCII de l
      |                                                            ^
../Core/Src/main.c:188:60: error: subscripted value is neither array nor pointer nor vector
  188 |                                         if (buffer_terminal[i] == 52){   //114 es ASCII de l
      |                                                            ^
../Core/Src/main.c:199:49: warning: pointer targets in passing argument 2 of 'f_open' differ in signedness [-Wpointer-sign]
  199 |                             fres = f_open(&fil, pruebas, FA_READ);
      |                                                 ^~~~~~~
      |                                                 |
      |                                                 uint8_t * {aka unsigned char *}
In file included from ../FATFS/App/fatfs.h:26,
                 from ../Core/Src/main.c:21:
../Middlewares/Third_Party/FatFs/src/ff.h:242:39: note: expected 'const TCHAR *' {aka 'const char *'} but argument is of type 'uint8_t *' {aka 'unsigned char *'}
  242 | FRESULT f_open (FIL* fp, const TCHAR* path, BYTE mode);                         /* Open or create a file */
      |                          ~~~~~~~~~~~~~^~~~
../Core/Src/main.c:226:57: warning: pointer targets in passing argument 2 of 'f_open' differ in signedness [-Wpointer-sign]
  226 |                                     fres = f_open(&fil, pruebas1, FA_READ);
      |                                                         ^~~~~~~~
      |                                                         |
      |                                                         uint8_t * {aka unsigned char *}
../Middlewares/Third_Party/FatFs/src/ff.h:242:39: note: expected 'const TCHAR *' {aka 'const char *'} but argument is of type 'uint8_t *' {aka 'unsigned char *'}
  242 | FRESULT f_open (FIL* fp, const TCHAR* path, BYTE mode);                         /* Open or create a file */
      |                          ~~~~~~~~~~~~~^~~~
../Core/Src/main.c:251:57: warning: pointer targets in passing argument 2 of 'f_open' differ in signedness [-Wpointer-sign]
  251 |                                     fres = f_open(&fil, pruebas2, FA_READ);
      |                                                         ^~~~~~~~
      |                                                         |
      |                                                         uint8_t * {aka unsigned char *}
../Middlewares/Third_Party/FatFs/src/ff.h:242:39: note: expected 'const TCHAR *' {aka 'const char *'} but argument is of type 'uint8_t *' {aka 'unsigned char *'}
  242 | FRESULT f_open (FIL* fp, const TCHAR* path, BYTE mode);                         /* Open or create a file */
      |                          ~~~~~~~~~~~~~^~~~
../Core/Src/main.c:277:57: warning: pointer targets in passing argument 2 of 'f_open' differ in signedness [-Wpointer-sign]
  277 |                                     fres = f_open(&fil, pruebas3, FA_READ);
      |                                                         ^~~~~~~~
      |                                                         |
      |                                                         uint8_t * {aka unsigned char *}
../Middlewares/Third_Party/FatFs/src/ff.h:242:39: note: expected 'const TCHAR *' {aka 'const char *'} but argument is of type 'uint8_t *' {aka 'unsigned char *'}
  242 | FRESULT f_open (FIL* fp, const TCHAR* path, BYTE mode);                         /* Open or create a file */
      |                          ~~~~~~~~~~~~~^~~~
../Core/Src/main.c: At top level:
../Core/Src/main.c:321:1: error: expected identifier or '(' before '}' token
  321 | }
      | ^
../Core/Src/main.c: In function 'HAL_UART_RxCpltCallback':
../Core/Src/main.c:518:33: warning: passing argument 1 of 'memcpy' makes pointer from integer without a cast [-Wint-conversion]
  518 |         memcpy (buffer_terminal + indx, temp, 1);
      |                 ~~~~~~~~~~~~~~~~^~~~~~
      |                                 |
      |                                 int
In file included from ../Core/Src/main.c:26:
C:\ST\STM32CubeIDE_1.18.0\STM32CubeIDE\plugins\com.st.stm32cube.ide.mcu.externaltools.gnu-tools-for-stm32.13.3.rel1.win32_1.0.0.202411081344\tools\bin/../lib/gcc/arm-none-eabi/13.3.1/../../../../arm-none-eabi/include/string.h:31:18: note: expected 'void * restrict' but argument is of type 'int'
   31 | void *   memcpy (void *__restrict, const void *__restrict, size_t);
      |                  ^
make: *** [Core/Src/subdir.mk:37: Core/Src/main.o] Error 1
"make -j8 all" terminated with exit code 2. Build might be incomplete.
13:47:07 **** Incremental Build of configuration Debug for project prueba ****
make -j8 all 
arm-none-eabi-size  prueba.elf 
   text	   data	    bss	    dec	    hex	filename
   8468	     12	   1644	  10124	   278c	prueba.elf
Finished building: default.size.stdout
 
13:47:56 **** Incremental Build of configuration Debug for project Lab6 ****
make -j8 all 
arm-none-eabi-size  Lab6.elf 
   text	   data	    bss	    dec	    hex	filename
  15304	     12	   1884	  17200	   4330	Lab6.elf
Finished building: default.size.stdout
 
13:47:56 **** Incremental Build of configuration Debug for project Laboratorio 5 ****
make -j8 all 
arm-none-eabi-size  Laboratorio\ 5.elf 
   text	   data	    bss	    dec	    hex	filename
   9936	     12	   1652	  11600	   2d50	Laboratorio 5.elf
Finished building: default.size.stdout
 
13:47:57 **** Incremental Build of configuration Debug for project Laboratorio 6 ****
make -j8 all 
arm-none-eabi-size  Laboratorio\ 6.elf 
   text	   data	    bss	    dec	    hex	filename
  23128	    108	   2260	  25496	   6398	Laboratorio 6.elf
Finished building: default.size.stdout
 
13:47:58 **** Incremental Build of configuration Debug for project Laboratorio7 ****
make -j8 all 
arm-none-eabi-gcc "../Core/Src/main.c" -mcpu=cortex-m4 -std=gnu11 -g3 -DDEBUG -DUSE_HAL_DRIVER -DSTM32F446xx -c -I../Core/Inc -I../Drivers/STM32F4xx_HAL_Driver/Inc -I../Drivers/STM32F4xx_HAL_Driver/Inc/Legacy -I../Drivers/CMSIS/Device/ST/STM32F4xx/Include -I../Drivers/CMSIS/Include -I../FATFS/Target -I../FATFS/App -I../Middlewares/Third_Party/FatFs/src -O0 -ffunction-sections -fdata-sections -Wall -fstack-usage -fcyclomatic-complexity -MMD -MP -MF"Core/Src/main.d" -MT"Core/Src/main.o" --specs=nano.specs -mfpu=fpv4-sp-d16 -mfloat-abi=hard -mthumb -o "Core/Src/main.o"
../Core/Src/main.c: In function 'main':
../Core/Src/main.c:172:60: error: subscripted value is neither array nor pointer nor vector
  172 |                                         if (buffer_terminal[i] == 49){   //117 es ASCII de u
      |                                                            ^
../Core/Src/main.c:177:60: error: subscripted value is neither array nor pointer nor vector
  177 |                                         if (buffer_terminal[i] == 50){   //100 es ASCII de d
      |                                                            ^
../Core/Src/main.c:183:60: error: subscripted value is neither array nor pointer nor vector
  183 |                                         if (buffer_terminal[i] == 51){   //108 es ASCII de l
      |                                                            ^
../Core/Src/main.c:188:60: error: subscripted value is neither array nor pointer nor vector
  188 |                                         if (buffer_terminal[i] == 52){   //114 es ASCII de l
      |                                                            ^
../Core/Src/main.c:199:49: warning: pointer targets in passing argument 2 of 'f_open' differ in signedness [-Wpointer-sign]
  199 |                             fres = f_open(&fil, pruebas, FA_READ);
      |                                                 ^~~~~~~
      |                                                 |
      |                                                 uint8_t * {aka unsigned char *}
In file included from ../FATFS/App/fatfs.h:26,
                 from ../Core/Src/main.c:21:
../Middlewares/Third_Party/FatFs/src/ff.h:242:39: note: expected 'const TCHAR *' {aka 'const char *'} but argument is of type 'uint8_t *' {aka 'unsigned char *'}
  242 | FRESULT f_open (FIL* fp, const TCHAR* path, BYTE mode);                         /* Open or create a file */
      |                          ~~~~~~~~~~~~~^~~~
../Core/Src/main.c:226:57: warning: pointer targets in passing argument 2 of 'f_open' differ in signedness [-Wpointer-sign]
  226 |                                     fres = f_open(&fil, pruebas1, FA_READ);
      |                                                         ^~~~~~~~
      |                                                         |
      |                                                         uint8_t * {aka unsigned char *}
../Middlewares/Third_Party/FatFs/src/ff.h:242:39: note: expected 'const TCHAR *' {aka 'const char *'} but argument is of type 'uint8_t *' {aka 'unsigned char *'}
  242 | FRESULT f_open (FIL* fp, const TCHAR* path, BYTE mode);                         /* Open or create a file */
      |                          ~~~~~~~~~~~~~^~~~
../Core/Src/main.c:251:57: warning: pointer targets in passing argument 2 of 'f_open' differ in signedness [-Wpointer-sign]
  251 |                                     fres = f_open(&fil, pruebas2, FA_READ);
      |                                                         ^~~~~~~~
      |                                                         |
      |                                                         uint8_t * {aka unsigned char *}
../Middlewares/Third_Party/FatFs/src/ff.h:242:39: note: expected 'const TCHAR *' {aka 'const char *'} but argument is of type 'uint8_t *' {aka 'unsigned char *'}
  242 | FRESULT f_open (FIL* fp, const TCHAR* path, BYTE mode);                         /* Open or create a file */
      |                          ~~~~~~~~~~~~~^~~~
../Core/Src/main.c:277:57: warning: pointer targets in passing argument 2 of 'f_open' differ in signedness [-Wpointer-sign]
  277 |                                     fres = f_open(&fil, pruebas3, FA_READ);
      |                                                         ^~~~~~~~
      |                                                         |
      |                                                         uint8_t * {aka unsigned char *}
../Middlewares/Third_Party/FatFs/src/ff.h:242:39: note: expected 'const TCHAR *' {aka 'const char *'} but argument is of type 'uint8_t *' {aka 'unsigned char *'}
  242 | FRESULT f_open (FIL* fp, const TCHAR* path, BYTE mode);                         /* Open or create a file */
      |                          ~~~~~~~~~~~~~^~~~
../Core/Src/main.c: In function 'HAL_UART_RxCpltCallback':
../Core/Src/main.c:518:33: warning: passing argument 1 of 'memcpy' makes pointer from integer without a cast [-Wint-conversion]
  518 |         memcpy (buffer_terminal + indx, temp, 1);
      |                 ~~~~~~~~~~~~~~~~^~~~~~
      |                                 |
      |                                 int
In file included from ../Core/Src/main.c:26:
C:\ST\STM32CubeIDE_1.18.0\STM32CubeIDE\plugins\com.st.stm32cube.ide.mcu.externaltools.gnu-tools-for-stm32.13.3.rel1.win32_1.0.0.202411081344\tools\bin/../lib/gcc/arm-none-eabi/13.3.1/../../../../arm-none-eabi/include/string.h:31:18: note: expected 'void * restrict' but argument is of type 'int'
   31 | void *   memcpy (void *__restrict, const void *__restrict, size_t);
      |                  ^
make: *** [Core/Src/subdir.mk:37: Core/Src/main.o] Error 1
"make -j8 all" terminated with exit code 2. Build might be incomplete.
13:47:59 **** Incremental Build of configuration Debug for project prueba ****
make -j8 all 
arm-none-eabi-size  prueba.elf 
   text	   data	    bss	    dec	    hex	filename
   8468	     12	   1644	  10124	   278c	prueba.elf
Finished building: default.size.stdout
 
13:51:03 **** Incremental Build of configuration Debug for project Lab6 ****
make -j8 all 
arm-none-eabi-size  Lab6.elf 
   text	   data	    bss	    dec	    hex	filename
  15304	     12	   1884	  17200	   4330	Lab6.elf
Finished building: default.size.stdout
 
13:51:04 **** Incremental Build of configuration Debug for project Laboratorio 5 ****
make -j8 all 
arm-none-eabi-size  Laboratorio\ 5.elf 
   text	   data	    bss	    dec	    hex	filename
   9936	     12	   1652	  11600	   2d50	Laboratorio 5.elf
Finished building: default.size.stdout
 
13:51:05 **** Incremental Build of configuration Debug for project Laboratorio 6 ****
make -j8 all 
arm-none-eabi-size  Laboratorio\ 6.elf 
   text	   data	    bss	    dec	    hex	filename
  23128	    108	   2260	  25496	   6398	Laboratorio 6.elf
Finished building: default.size.stdout
 
13:51:05 **** Incremental Build of configuration Debug for project Laboratorio7 ****
make -j8 all 
arm-none-eabi-gcc "../Core/Src/main.c" -mcpu=cortex-m4 -std=gnu11 -g3 -DDEBUG -DUSE_HAL_DRIVER -DSTM32F446xx -c -I../Core/Inc -I../Drivers/STM32F4xx_HAL_Driver/Inc -I../Drivers/STM32F4xx_HAL_Driver/Inc/Legacy -I../Drivers/CMSIS/Device/ST/STM32F4xx/Include -I../Drivers/CMSIS/Include -I../FATFS/Target -I../FATFS/App -I../Middlewares/Third_Party/FatFs/src -O0 -ffunction-sections -fdata-sections -Wall -fstack-usage -fcyclomatic-complexity -MMD -MP -MF"Core/Src/main.d" -MT"Core/Src/main.o" --specs=nano.specs -mfpu=fpv4-sp-d16 -mfloat-abi=hard -mthumb -o "Core/Src/main.o"
../Core/Src/main.c: In function 'main':
../Core/Src/main.c:172:60: error: subscripted value is neither array nor pointer nor vector
  172 |                                         if (buffer_terminal[i] == 49){   //117 es ASCII de u
      |                                                            ^
../Core/Src/main.c:177:60: error: subscripted value is neither array nor pointer nor vector
  177 |                                         if (buffer_terminal[i] == 50){   //100 es ASCII de d
      |                                                            ^
../Core/Src/main.c:183:60: error: subscripted value is neither array nor pointer nor vector
  183 |                                         if (buffer_terminal[i] == 51){   //108 es ASCII de l
      |                                                            ^
../Core/Src/main.c:188:60: error: subscripted value is neither array nor pointer nor vector
  188 |                                         if (buffer_terminal[i] == 52){   //114 es ASCII de l
      |                                                            ^
../Core/Src/main.c:199:49: warning: pointer targets in passing argument 2 of 'f_open' differ in signedness [-Wpointer-sign]
  199 |                             fres = f_open(&fil, pruebas, FA_READ);
      |                                                 ^~~~~~~
      |                                                 |
      |                                                 uint8_t * {aka unsigned char *}
In file included from ../FATFS/App/fatfs.h:26,
                 from ../Core/Src/main.c:21:
../Middlewares/Third_Party/FatFs/src/ff.h:242:39: note: expected 'const TCHAR *' {aka 'const char *'} but argument is of type 'uint8_t *' {aka 'unsigned char *'}
  242 | FRESULT f_open (FIL* fp, const TCHAR* path, BYTE mode);                         /* Open or create a file */
      |                          ~~~~~~~~~~~~~^~~~
../Core/Src/main.c:226:57: warning: pointer targets in passing argument 2 of 'f_open' differ in signedness [-Wpointer-sign]
  226 |                                     fres = f_open(&fil, pruebas1, FA_READ);
      |                                                         ^~~~~~~~
      |                                                         |
      |                                                         uint8_t * {aka unsigned char *}
../Middlewares/Third_Party/FatFs/src/ff.h:242:39: note: expected 'const TCHAR *' {aka 'const char *'} but argument is of type 'uint8_t *' {aka 'unsigned char *'}
  242 | FRESULT f_open (FIL* fp, const TCHAR* path, BYTE mode);                         /* Open or create a file */
      |                          ~~~~~~~~~~~~~^~~~
../Core/Src/main.c:251:57: warning: pointer targets in passing argument 2 of 'f_open' differ in signedness [-Wpointer-sign]
  251 |                                     fres = f_open(&fil, pruebas2, FA_READ);
      |                                                         ^~~~~~~~
      |                                                         |
      |                                                         uint8_t * {aka unsigned char *}
../Middlewares/Third_Party/FatFs/src/ff.h:242:39: note: expected 'const TCHAR *' {aka 'const char *'} but argument is of type 'uint8_t *' {aka 'unsigned char *'}
  242 | FRESULT f_open (FIL* fp, const TCHAR* path, BYTE mode);                         /* Open or create a file */
      |                          ~~~~~~~~~~~~~^~~~
../Core/Src/main.c:277:57: warning: pointer targets in passing argument 2 of 'f_open' differ in signedness [-Wpointer-sign]
  277 |                                     fres = f_open(&fil, pruebas3, FA_READ);
      |                                                         ^~~~~~~~
      |                                                         |
      |                                                         uint8_t * {aka unsigned char *}
../Middlewares/Third_Party/FatFs/src/ff.h:242:39: note: expected 'const TCHAR *' {aka 'const char *'} but argument is of type 'uint8_t *' {aka 'unsigned char *'}
  242 | FRESULT f_open (FIL* fp, const TCHAR* path, BYTE mode);                         /* Open or create a file */
      |                          ~~~~~~~~~~~~~^~~~
../Core/Src/main.c: In function 'HAL_UART_RxCpltCallback':
../Core/Src/main.c:518:33: warning: passing argument 1 of 'memcpy' makes pointer from integer without a cast [-Wint-conversion]
  518 |         memcpy (buffer_terminal + indx, temp, 1);
      |                 ~~~~~~~~~~~~~~~~^~~~~~
      |                                 |
      |                                 int
In file included from ../Core/Src/main.c:26:
C:\ST\STM32CubeIDE_1.18.0\STM32CubeIDE\plugins\com.st.stm32cube.ide.mcu.externaltools.gnu-tools-for-stm32.13.3.rel1.win32_1.0.0.202411081344\tools\bin/../lib/gcc/arm-none-eabi/13.3.1/../../../../arm-none-eabi/include/string.h:31:18: note: expected 'void * restrict' but argument is of type 'int'
   31 | void *   memcpy (void *__restrict, const void *__restrict, size_t);
      |                  ^
make: *** [Core/Src/subdir.mk:37: Core/Src/main.o] Error 1
"make -j8 all" terminated with exit code 2. Build might be incomplete.
13:51:07 **** Incremental Build of configuration Debug for project prueba ****
make -j8 all 
arm-none-eabi-size  prueba.elf 
   text	   data	    bss	    dec	    hex	filename
   8468	     12	   1644	  10124	   278c	prueba.elf
Finished building: default.size.stdout
 
13:51:17 **** Incremental Build of configuration Debug for project Laboratorio7 ****
make -j8 all 
arm-none-eabi-gcc "../Core/Src/main.c" -mcpu=cortex-m4 -std=gnu11 -g3 -DDEBUG -DUSE_HAL_DRIVER -DSTM32F446xx -c -I../Core/Inc -I../Drivers/STM32F4xx_HAL_Driver/Inc -I../Drivers/STM32F4xx_HAL_Driver/Inc/Legacy -I../Drivers/CMSIS/Device/ST/STM32F4xx/Include -I../Drivers/CMSIS/Include -I../FATFS/Target -I../FATFS/App -I../Middlewares/Third_Party/FatFs/src -O0 -ffunction-sections -fdata-sections -Wall -fstack-usage -fcyclomatic-complexity -MMD -MP -MF"Core/Src/main.d" -MT"Core/Src/main.o" --specs=nano.specs -mfpu=fpv4-sp-d16 -mfloat-abi=hard -mthumb -o "Core/Src/main.o"
../Core/Src/main.c: In function 'main':
../Core/Src/main.c:172:60: error: subscripted value is neither array nor pointer nor vector
  172 |                                         if (buffer_terminal[i] == 49){   //117 es ASCII de u
      |                                                            ^
../Core/Src/main.c:177:60: error: subscripted value is neither array nor pointer nor vector
  177 |                                         if (buffer_terminal[i] == 50){   //100 es ASCII de d
      |                                                            ^
../Core/Src/main.c:183:60: error: subscripted value is neither array nor pointer nor vector
  183 |                                         if (buffer_terminal[i] == 51){   //108 es ASCII de l
      |                                                            ^
../Core/Src/main.c:188:60: error: subscripted value is neither array nor pointer nor vector
  188 |                                         if (buffer_terminal[i] == 52){   //114 es ASCII de l
      |                                                            ^
../Core/Src/main.c:199:49: warning: pointer targets in passing argument 2 of 'f_open' differ in signedness [-Wpointer-sign]
  199 |                             fres = f_open(&fil, pruebas, FA_READ);
      |                                                 ^~~~~~~
      |                                                 |
      |                                                 uint8_t * {aka unsigned char *}
In file included from ../FATFS/App/fatfs.h:26,
                 from ../Core/Src/main.c:21:
../Middlewares/Third_Party/FatFs/src/ff.h:242:39: note: expected 'const TCHAR *' {aka 'const char *'} but argument is of type 'uint8_t *' {aka 'unsigned char *'}
  242 | FRESULT f_open (FIL* fp, const TCHAR* path, BYTE mode);                         /* Open or create a file */
      |                          ~~~~~~~~~~~~~^~~~
../Core/Src/main.c:226:57: warning: pointer targets in passing argument 2 of 'f_open' differ in signedness [-Wpointer-sign]
  226 |                                     fres = f_open(&fil, pruebas1, FA_READ);
      |                                                         ^~~~~~~~
      |                                                         |
      |                                                         uint8_t * {aka unsigned char *}
../Middlewares/Third_Party/FatFs/src/ff.h:242:39: note: expected 'const TCHAR *' {aka 'const char *'} but argument is of type 'uint8_t *' {aka 'unsigned char *'}
  242 | FRESULT f_open (FIL* fp, const TCHAR* path, BYTE mode);                         /* Open or create a file */
      |                          ~~~~~~~~~~~~~^~~~
../Core/Src/main.c:251:57: warning: pointer targets in passing argument 2 of 'f_open' differ in signedness [-Wpointer-sign]
  251 |                                     fres = f_open(&fil, pruebas2, FA_READ);
      |                                                         ^~~~~~~~
      |                                                         |
      |                                                         uint8_t * {aka unsigned char *}
../Middlewares/Third_Party/FatFs/src/ff.h:242:39: note: expected 'const TCHAR *' {aka 'const char *'} but argument is of type 'uint8_t *' {aka 'unsigned char *'}
  242 | FRESULT f_open (FIL* fp, const TCHAR* path, BYTE mode);                         /* Open or create a file */
      |                          ~~~~~~~~~~~~~^~~~
../Core/Src/main.c:277:57: warning: pointer targets in passing argument 2 of 'f_open' differ in signedness [-Wpointer-sign]
  277 |                                     fres = f_open(&fil, pruebas3, FA_READ);
      |                                                         ^~~~~~~~
      |                                                         |
      |                                                         uint8_t * {aka unsigned char *}
../Middlewares/Third_Party/FatFs/src/ff.h:242:39: note: expected 'const TCHAR *' {aka 'const char *'} but argument is of type 'uint8_t *' {aka 'unsigned char *'}
  242 | FRESULT f_open (FIL* fp, const TCHAR* path, BYTE mode);                         /* Open or create a file */
      |                          ~~~~~~~~~~~~~^~~~
../Core/Src/main.c: In function 'HAL_UART_RxCpltCallback':
../Core/Src/main.c:518:33: warning: passing argument 1 of 'memcpy' makes pointer from integer without a cast [-Wint-conversion]
  518 |         memcpy (buffer_terminal + indx, temp, 1);
      |                 ~~~~~~~~~~~~~~~~^~~~~~
      |                                 |
      |                                 int
In file included from ../Core/Src/main.c:26:
C:\ST\STM32CubeIDE_1.18.0\STM32CubeIDE\plugins\com.st.stm32cube.ide.mcu.externaltools.gnu-tools-for-stm32.13.3.rel1.win32_1.0.0.202411081344\tools\bin/../lib/gcc/arm-none-eabi/13.3.1/../../../../arm-none-eabi/include/string.h:31:18: note: expected 'void * restrict' but argument is of type 'int'
   31 | void *   memcpy (void *__restrict, const void *__restrict, size_t);
      |                  ^
make: *** [Core/Src/subdir.mk:37: Core/Src/main.o] Error 1
"make -j8 all" terminated with exit code 2. Build might be incomplete.
13:51:59 **** Incremental Build of configuration Debug for project Lab6 ****
make -j8 all 
arm-none-eabi-size  Lab6.elf 
   text	   data	    bss	    dec	    hex	filename
  15304	     12	   1884	  17200	   4330	Lab6.elf
Finished building: default.size.stdout
 
13:52:00 **** Incremental Build of configuration Debug for project Laboratorio 5 ****
make -j8 all 
arm-none-eabi-size  Laboratorio\ 5.elf 
   text	   data	    bss	    dec	    hex	filename
   9936	     12	   1652	  11600	   2d50	Laboratorio 5.elf
Finished building: default.size.stdout
 
13:52:01 **** Incremental Build of configuration Debug for project Laboratorio 6 ****
make -j8 all 
arm-none-eabi-size  Laboratorio\ 6.elf 
   text	   data	    bss	    dec	    hex	filename
  23128	    108	   2260	  25496	   6398	Laboratorio 6.elf
Finished building: default.size.stdout
 
13:52:01 **** Incremental Build of configuration Debug for project Laboratorio7 ****
make -j8 all 
arm-none-eabi-gcc "../Core/Src/main.c" -mcpu=cortex-m4 -std=gnu11 -g3 -DDEBUG -DUSE_HAL_DRIVER -DSTM32F446xx -c -I../Core/Inc -I../Drivers/STM32F4xx_HAL_Driver/Inc -I../Drivers/STM32F4xx_HAL_Driver/Inc/Legacy -I../Drivers/CMSIS/Device/ST/STM32F4xx/Include -I../Drivers/CMSIS/Include -I../FATFS/Target -I../FATFS/App -I../Middlewares/Third_Party/FatFs/src -O0 -ffunction-sections -fdata-sections -Wall -fstack-usage -fcyclomatic-complexity -MMD -MP -MF"Core/Src/main.d" -MT"Core/Src/main.o" --specs=nano.specs -mfpu=fpv4-sp-d16 -mfloat-abi=hard -mthumb -o "Core/Src/main.o"
../Core/Src/main.c: In function 'main':
../Core/Src/main.c:199:49: warning: pointer targets in passing argument 2 of 'f_open' differ in signedness [-Wpointer-sign]
  199 |                             fres = f_open(&fil, pruebas, FA_READ);
      |                                                 ^~~~~~~
      |                                                 |
      |                                                 uint8_t * {aka unsigned char *}
In file included from ../FATFS/App/fatfs.h:26,
                 from ../Core/Src/main.c:21:
../Middlewares/Third_Party/FatFs/src/ff.h:242:39: note: expected 'const TCHAR *' {aka 'const char *'} but argument is of type 'uint8_t *' {aka 'unsigned char *'}
  242 | FRESULT f_open (FIL* fp, const TCHAR* path, BYTE mode);                         /* Open or create a file */
      |                          ~~~~~~~~~~~~~^~~~
../Core/Src/main.c:226:57: warning: pointer targets in passing argument 2 of 'f_open' differ in signedness [-Wpointer-sign]
  226 |                                     fres = f_open(&fil, pruebas1, FA_READ);
      |                                                         ^~~~~~~~
      |                                                         |
      |                                                         uint8_t * {aka unsigned char *}
../Middlewares/Third_Party/FatFs/src/ff.h:242:39: note: expected 'const TCHAR *' {aka 'const char *'} but argument is of type 'uint8_t *' {aka 'unsigned char *'}
  242 | FRESULT f_open (FIL* fp, const TCHAR* path, BYTE mode);                         /* Open or create a file */
      |                          ~~~~~~~~~~~~~^~~~
../Core/Src/main.c:251:57: warning: pointer targets in passing argument 2 of 'f_open' differ in signedness [-Wpointer-sign]
  251 |                                     fres = f_open(&fil, pruebas2, FA_READ);
      |                                                         ^~~~~~~~
      |                                                         |
      |                                                         uint8_t * {aka unsigned char *}
../Middlewares/Third_Party/FatFs/src/ff.h:242:39: note: expected 'const TCHAR *' {aka 'const char *'} but argument is of type 'uint8_t *' {aka 'unsigned char *'}
  242 | FRESULT f_open (FIL* fp, const TCHAR* path, BYTE mode);                         /* Open or create a file */
      |                          ~~~~~~~~~~~~~^~~~
../Core/Src/main.c:277:57: warning: pointer targets in passing argument 2 of 'f_open' differ in signedness [-Wpointer-sign]
  277 |                                     fres = f_open(&fil, pruebas3, FA_READ);
      |                                                         ^~~~~~~~
      |                                                         |
      |                                                         uint8_t * {aka unsigned char *}
../Middlewares/Third_Party/FatFs/src/ff.h:242:39: note: expected 'const TCHAR *' {aka 'const char *'} but argument is of type 'uint8_t *' {aka 'unsigned char *'}
  242 | FRESULT f_open (FIL* fp, const TCHAR* path, BYTE mode);                         /* Open or create a file */
      |                          ~~~~~~~~~~~~~^~~~
arm-none-eabi-gcc -o "Laboratorio7.elf" @"objects.list"   -mcpu=cortex-m4 -T"C:\Users\bjosu\OneDrive\Documentos\GitHub\Digital-2\Laboratorio7\STM32F446RETX_FLASH.ld" --specs=nosys.specs -Wl,-Map="Laboratorio7.map" -Wl,--gc-sections -static --specs=nano.specs -mfpu=fpv4-sp-d16 -mfloat-abi=hard -mthumb -Wl,--start-group -lc -lm -Wl,--end-group
Finished building target: Laboratorio7.elf
 
arm-none-eabi-size  Laboratorio7.elf 
arm-none-eabi-objdump -h -S Laboratorio7.elf  > "Laboratorio7.list"
   text	   data	    bss	    dec	    hex	filename
  34600	    116	  11132	  45848	   b318	Laboratorio7.elf
Finished building: default.size.stdout
 
Finished building: Laboratorio7.list
 
13:52:05 **** Incremental Build of configuration Debug for project prueba ****
make -j8 all 
arm-none-eabi-size  prueba.elf 
   text	   data	    bss	    dec	    hex	filename
   8468	     12	   1644	  10124	   278c	prueba.elf
Finished building: default.size.stdout
 
13:52:08 **** Incremental Build of configuration Debug for project Laboratorio7 ****
make -j8 all 
arm-none-eabi-size  Laboratorio7.elf 
   text	   data	    bss	    dec	    hex	filename
  34600	    116	  11132	  45848	   b318	Laboratorio7.elf
Finished building: default.size.stdout
 
08:14:08 **** Incremental Build of configuration Debug for project Laboratorio7 ****
make -j8 all 
arm-none-eabi-size  Laboratorio7.elf 
   text	   data	    bss	    dec	    hex	filename
  34600	    116	  11132	  45848	   b318	Laboratorio7.elf
Finished building: default.size.stdout
 
08:17:29 **** Incremental Build of configuration Debug for project Laboratorio7 ****
make -j8 all 
arm-none-eabi-gcc "../Core/Src/main.c" -mcpu=cortex-m4 -std=gnu11 -g3 -DDEBUG -DUSE_HAL_DRIVER -DSTM32F446xx -c -I../Core/Inc -I../Drivers/STM32F4xx_HAL_Driver/Inc -I../Drivers/STM32F4xx_HAL_Driver/Inc/Legacy -I../Drivers/CMSIS/Device/ST/STM32F4xx/Include -I../Drivers/CMSIS/Include -I../FATFS/Target -I../FATFS/App -I../Middlewares/Third_Party/FatFs/src -O0 -ffunction-sections -fdata-sections -Wall -fstack-usage -fcyclomatic-complexity -MMD -MP -MF"Core/Src/main.d" -MT"Core/Src/main.o" --specs=nano.specs -mfpu=fpv4-sp-d16 -mfloat-abi=hard -mthumb -o "Core/Src/main.o"
../Core/Src/main.c: In function 'main':
../Core/Src/main.c:199:49: warning: pointer targets in passing argument 2 of 'f_open' differ in signedness [-Wpointer-sign]
  199 |                             fres = f_open(&fil, pruebas, FA_READ);
      |                                                 ^~~~~~~
      |                                                 |
      |                                                 uint8_t * {aka unsigned char *}
In file included from ../FATFS/App/fatfs.h:26,
                 from ../Core/Src/main.c:21:
../Middlewares/Third_Party/FatFs/src/ff.h:242:39: note: expected 'const TCHAR *' {aka 'const char *'} but argument is of type 'uint8_t *' {aka 'unsigned char *'}
  242 | FRESULT f_open (FIL* fp, const TCHAR* path, BYTE mode);                         /* Open or create a file */
      |                          ~~~~~~~~~~~~~^~~~
../Core/Src/main.c:226:57: warning: pointer targets in passing argument 2 of 'f_open' differ in signedness [-Wpointer-sign]
  226 |                                     fres = f_open(&fil, pruebas1, FA_READ);
      |                                                         ^~~~~~~~
      |                                                         |
      |                                                         uint8_t * {aka unsigned char *}
../Middlewares/Third_Party/FatFs/src/ff.h:242:39: note: expected 'const TCHAR *' {aka 'const char *'} but argument is of type 'uint8_t *' {aka 'unsigned char *'}
  242 | FRESULT f_open (FIL* fp, const TCHAR* path, BYTE mode);                         /* Open or create a file */
      |                          ~~~~~~~~~~~~~^~~~
../Core/Src/main.c:251:57: warning: pointer targets in passing argument 2 of 'f_open' differ in signedness [-Wpointer-sign]
  251 |                                     fres = f_open(&fil, pruebas2, FA_READ);
      |                                                         ^~~~~~~~
      |                                                         |
      |                                                         uint8_t * {aka unsigned char *}
../Middlewares/Third_Party/FatFs/src/ff.h:242:39: note: expected 'const TCHAR *' {aka 'const char *'} but argument is of type 'uint8_t *' {aka 'unsigned char *'}
  242 | FRESULT f_open (FIL* fp, const TCHAR* path, BYTE mode);                         /* Open or create a file */
      |                          ~~~~~~~~~~~~~^~~~
../Core/Src/main.c:277:57: warning: pointer targets in passing argument 2 of 'f_open' differ in signedness [-Wpointer-sign]
  277 |                                     fres = f_open(&fil, pruebas3, FA_READ);
      |                                                         ^~~~~~~~
      |                                                         |
      |                                                         uint8_t * {aka unsigned char *}
../Middlewares/Third_Party/FatFs/src/ff.h:242:39: note: expected 'const TCHAR *' {aka 'const char *'} but argument is of type 'uint8_t *' {aka 'unsigned char *'}
  242 | FRESULT f_open (FIL* fp, const TCHAR* path, BYTE mode);                         /* Open or create a file */
      |                          ~~~~~~~~~~~~~^~~~
../Core/Src/main.c: In function 'HAL_UART_RxCpltCallback':
../Core/Src/main.c:519:36: warning: pointer targets in passing argument 2 of 'HAL_UART_Transmit' differ in signedness [-Wpointer-sign]
  519 |         HAL_UART_Transmit(&huart2, buffer, sizeof(buffer), 1000);
      |                                    ^~~~~~
      |                                    |
      |                                    char *
In file included from ../Core/Inc/stm32f4xx_hal_conf.h:411,
                 from ../Drivers/STM32F4xx_HAL_Driver/Inc/stm32f4xx_hal.h:29,
                 from ../Core/Inc/main.h:30,
                 from ../Core/Src/main.c:20:
../Drivers/STM32F4xx_HAL_Driver/Inc/stm32f4xx_hal_uart.h:745:79: note: expected 'const uint8_t *' {aka 'const unsigned char *'} but argument is of type 'char *'
  745 | HAL_StatusTypeDef HAL_UART_Transmit(UART_HandleTypeDef *huart, const uint8_t *pData, uint16_t Size, uint32_t Timeout);
      |                                                                ~~~~~~~~~~~~~~~^~~~~
../Core/Src/main.c:520:38: warning: pointer targets in passing argument 2 of 'HAL_UART_Receive_IT' differ in signedness [-Wpointer-sign]
  520 |         HAL_UART_Receive_IT(&huart2, buffer, 10);
      |                                      ^~~~~~
      |                                      |
      |                                      char *
../Drivers/STM32F4xx_HAL_Driver/Inc/stm32f4xx_hal_uart.h:748:75: note: expected 'uint8_t *' {aka 'unsigned char *'} but argument is of type 'char *'
  748 | HAL_StatusTypeDef HAL_UART_Receive_IT(UART_HandleTypeDef *huart, uint8_t *pData, uint16_t Size);
      |                                                                  ~~~~~~~~~^~~~~
arm-none-eabi-gcc -o "Laboratorio7.elf" @"objects.list"   -mcpu=cortex-m4 -T"C:\Users\bjosu\OneDrive\Documentos\GitHub\Digital-2\Laboratorio7\STM32F446RETX_FLASH.ld" --specs=nosys.specs -Wl,-Map="Laboratorio7.map" -Wl,--gc-sections -static --specs=nano.specs -mfpu=fpv4-sp-d16 -mfloat-abi=hard -mthumb -Wl,--start-group -lc -lm -Wl,--end-group
Finished building target: Laboratorio7.elf
 
arm-none-eabi-size  Laboratorio7.elf 
arm-none-eabi-objdump -h -S Laboratorio7.elf  > "Laboratorio7.list"
   text	   data	    bss	    dec	    hex	filename
  34572	    116	  11132	  45820	   b2fc	Laboratorio7.elf
Finished building: default.size.stdout
 
Finished building: Laboratorio7.list
 
08:24:14 **** Incremental Build of configuration Debug for project Laboratorio7 ****
make -j8 all 
arm-none-eabi-gcc "../Core/Src/main.c" -mcpu=cortex-m4 -std=gnu11 -g3 -DDEBUG -DUSE_HAL_DRIVER -DSTM32F446xx -c -I../Core/Inc -I../Drivers/STM32F4xx_HAL_Driver/Inc -I../Drivers/STM32F4xx_HAL_Driver/Inc/Legacy -I../Drivers/CMSIS/Device/ST/STM32F4xx/Include -I../Drivers/CMSIS/Include -I../FATFS/Target -I../FATFS/App -I../Middlewares/Third_Party/FatFs/src -O0 -ffunction-sections -fdata-sections -Wall -fstack-usage -fcyclomatic-complexity -MMD -MP -MF"Core/Src/main.d" -MT"Core/Src/main.o" --specs=nano.specs -mfpu=fpv4-sp-d16 -mfloat-abi=hard -mthumb -o "Core/Src/main.o"
../Core/Src/main.c: In function 'main':
../Core/Src/main.c:199:49: warning: pointer targets in passing argument 2 of 'f_open' differ in signedness [-Wpointer-sign]
  199 |                             fres = f_open(&fil, pruebas, FA_READ);
      |                                                 ^~~~~~~
      |                                                 |
      |                                                 uint8_t * {aka unsigned char *}
In file included from ../FATFS/App/fatfs.h:26,
                 from ../Core/Src/main.c:21:
../Middlewares/Third_Party/FatFs/src/ff.h:242:39: note: expected 'const TCHAR *' {aka 'const char *'} but argument is of type 'uint8_t *' {aka 'unsigned char *'}
  242 | FRESULT f_open (FIL* fp, const TCHAR* path, BYTE mode);                         /* Open or create a file */
      |                          ~~~~~~~~~~~~~^~~~
../Core/Src/main.c:226:57: warning: pointer targets in passing argument 2 of 'f_open' differ in signedness [-Wpointer-sign]
  226 |                                     fres = f_open(&fil, pruebas1, FA_READ);
      |                                                         ^~~~~~~~
      |                                                         |
      |                                                         uint8_t * {aka unsigned char *}
../Middlewares/Third_Party/FatFs/src/ff.h:242:39: note: expected 'const TCHAR *' {aka 'const char *'} but argument is of type 'uint8_t *' {aka 'unsigned char *'}
  242 | FRESULT f_open (FIL* fp, const TCHAR* path, BYTE mode);                         /* Open or create a file */
      |                          ~~~~~~~~~~~~~^~~~
../Core/Src/main.c:251:57: warning: pointer targets in passing argument 2 of 'f_open' differ in signedness [-Wpointer-sign]
  251 |                                     fres = f_open(&fil, pruebas2, FA_READ);
      |                                                         ^~~~~~~~
      |                                                         |
      |                                                         uint8_t * {aka unsigned char *}
../Middlewares/Third_Party/FatFs/src/ff.h:242:39: note: expected 'const TCHAR *' {aka 'const char *'} but argument is of type 'uint8_t *' {aka 'unsigned char *'}
  242 | FRESULT f_open (FIL* fp, const TCHAR* path, BYTE mode);                         /* Open or create a file */
      |                          ~~~~~~~~~~~~~^~~~
../Core/Src/main.c:277:57: warning: pointer targets in passing argument 2 of 'f_open' differ in signedness [-Wpointer-sign]
  277 |                                     fres = f_open(&fil, pruebas3, FA_READ);
      |                                                         ^~~~~~~~
      |                                                         |
      |                                                         uint8_t * {aka unsigned char *}
../Middlewares/Third_Party/FatFs/src/ff.h:242:39: note: expected 'const TCHAR *' {aka 'const char *'} but argument is of type 'uint8_t *' {aka 'unsigned char *'}
  242 | FRESULT f_open (FIL* fp, const TCHAR* path, BYTE mode);                         /* Open or create a file */
      |                          ~~~~~~~~~~~~~^~~~
../Core/Src/main.c: In function 'HAL_UART_RxCpltCallback':
../Core/Src/main.c:519:36: warning: pointer targets in passing argument 2 of 'HAL_UART_Transmit' differ in signedness [-Wpointer-sign]
  519 |         HAL_UART_Transmit(&huart2, buffer_terminal, sizeof(buffer_terminal), 1000);
      |                                    ^~~~~~~~~~~~~~~
      |                                    |
      |                                    char *
In file included from ../Core/Inc/stm32f4xx_hal_conf.h:411,
                 from ../Drivers/STM32F4xx_HAL_Driver/Inc/stm32f4xx_hal.h:29,
                 from ../Core/Inc/main.h:30,
                 from ../Core/Src/main.c:20:
../Drivers/STM32F4xx_HAL_Driver/Inc/stm32f4xx_hal_uart.h:745:79: note: expected 'const uint8_t *' {aka 'const unsigned char *'} but argument is of type 'char *'
  745 | HAL_StatusTypeDef HAL_UART_Transmit(UART_HandleTypeDef *huart, const uint8_t *pData, uint16_t Size, uint32_t Timeout);
      |                                                                ~~~~~~~~~~~~~~~^~~~~
../Core/Src/main.c:520:38: warning: pointer targets in passing argument 2 of 'HAL_UART_Receive_IT' differ in signedness [-Wpointer-sign]
  520 |         HAL_UART_Receive_IT(&huart2, buffer_terminal, 10);
      |                                      ^~~~~~~~~~~~~~~
      |                                      |
      |                                      char *
../Drivers/STM32F4xx_HAL_Driver/Inc/stm32f4xx_hal_uart.h:748:75: note: expected 'uint8_t *' {aka 'unsigned char *'} but argument is of type 'char *'
  748 | HAL_StatusTypeDef HAL_UART_Receive_IT(UART_HandleTypeDef *huart, uint8_t *pData, uint16_t Size);
      |                                                                  ~~~~~~~~~^~~~~
arm-none-eabi-gcc -o "Laboratorio7.elf" @"objects.list"   -mcpu=cortex-m4 -T"C:\Users\bjosu\OneDrive\Documentos\GitHub\Digital-2\Laboratorio7\STM32F446RETX_FLASH.ld" --specs=nosys.specs -Wl,-Map="Laboratorio7.map" -Wl,--gc-sections -static --specs=nano.specs -mfpu=fpv4-sp-d16 -mfloat-abi=hard -mthumb -Wl,--start-group -lc -lm -Wl,--end-group
Finished building target: Laboratorio7.elf
 
arm-none-eabi-size  Laboratorio7.elf 
arm-none-eabi-objdump -h -S Laboratorio7.elf  > "Laboratorio7.list"
   text	   data	    bss	    dec	    hex	filename
  34572	    116	  11132	  45820	   b2fc	Laboratorio7.elf
Finished building: default.size.stdout
 
Finished building: Laboratorio7.list
 
08:28:48 **** Incremental Build of configuration Debug for project Laboratorio7 ****
make -j8 all 
arm-none-eabi-gcc "../Core/Src/main.c" -mcpu=cortex-m4 -std=gnu11 -g3 -DDEBUG -DUSE_HAL_DRIVER -DSTM32F446xx -c -I../Core/Inc -I../Drivers/STM32F4xx_HAL_Driver/Inc -I../Drivers/STM32F4xx_HAL_Driver/Inc/Legacy -I../Drivers/CMSIS/Device/ST/STM32F4xx/Include -I../Drivers/CMSIS/Include -I../FATFS/Target -I../FATFS/App -I../Middlewares/Third_Party/FatFs/src -O0 -ffunction-sections -fdata-sections -Wall -fstack-usage -fcyclomatic-complexity -MMD -MP -MF"Core/Src/main.d" -MT"Core/Src/main.o" --specs=nano.specs -mfpu=fpv4-sp-d16 -mfloat-abi=hard -mthumb -o "Core/Src/main.o"
../Core/Src/main.c: In function 'main':
../Core/Src/main.c:199:49: warning: pointer targets in passing argument 2 of 'f_open' differ in signedness [-Wpointer-sign]
  199 |                             fres = f_open(&fil, pruebas, FA_READ);
      |                                                 ^~~~~~~
      |                                                 |
      |                                                 uint8_t * {aka unsigned char *}
In file included from ../FATFS/App/fatfs.h:26,
                 from ../Core/Src/main.c:21:
../Middlewares/Third_Party/FatFs/src/ff.h:242:39: note: expected 'const TCHAR *' {aka 'const char *'} but argument is of type 'uint8_t *' {aka 'unsigned char *'}
  242 | FRESULT f_open (FIL* fp, const TCHAR* path, BYTE mode);                         /* Open or create a file */
      |                          ~~~~~~~~~~~~~^~~~
../Core/Src/main.c:226:57: warning: pointer targets in passing argument 2 of 'f_open' differ in signedness [-Wpointer-sign]
  226 |                                     fres = f_open(&fil, pruebas1, FA_READ);
      |                                                         ^~~~~~~~
      |                                                         |
      |                                                         uint8_t * {aka unsigned char *}
../Middlewares/Third_Party/FatFs/src/ff.h:242:39: note: expected 'const TCHAR *' {aka 'const char *'} but argument is of type 'uint8_t *' {aka 'unsigned char *'}
  242 | FRESULT f_open (FIL* fp, const TCHAR* path, BYTE mode);                         /* Open or create a file */
      |                          ~~~~~~~~~~~~~^~~~
../Core/Src/main.c:251:57: warning: pointer targets in passing argument 2 of 'f_open' differ in signedness [-Wpointer-sign]
  251 |                                     fres = f_open(&fil, pruebas2, FA_READ);
      |                                                         ^~~~~~~~
      |                                                         |
      |                                                         uint8_t * {aka unsigned char *}
../Middlewares/Third_Party/FatFs/src/ff.h:242:39: note: expected 'const TCHAR *' {aka 'const char *'} but argument is of type 'uint8_t *' {aka 'unsigned char *'}
  242 | FRESULT f_open (FIL* fp, const TCHAR* path, BYTE mode);                         /* Open or create a file */
      |                          ~~~~~~~~~~~~~^~~~
../Core/Src/main.c:277:57: warning: pointer targets in passing argument 2 of 'f_open' differ in signedness [-Wpointer-sign]
  277 |                                     fres = f_open(&fil, pruebas3, FA_READ);
      |                                                         ^~~~~~~~
      |                                                         |
      |                                                         uint8_t * {aka unsigned char *}
../Middlewares/Third_Party/FatFs/src/ff.h:242:39: note: expected 'const TCHAR *' {aka 'const char *'} but argument is of type 'uint8_t *' {aka 'unsigned char *'}
  242 | FRESULT f_open (FIL* fp, const TCHAR* path, BYTE mode);                         /* Open or create a file */
      |                          ~~~~~~~~~~~~~^~~~
arm-none-eabi-gcc -o "Laboratorio7.elf" @"objects.list"   -mcpu=cortex-m4 -T"C:\Users\bjosu\OneDrive\Documentos\GitHub\Digital-2\Laboratorio7\STM32F446RETX_FLASH.ld" --specs=nosys.specs -Wl,-Map="Laboratorio7.map" -Wl,--gc-sections -static --specs=nano.specs -mfpu=fpv4-sp-d16 -mfloat-abi=hard -mthumb -Wl,--start-group -lc -lm -Wl,--end-group
Finished building target: Laboratorio7.elf
 
arm-none-eabi-size  Laboratorio7.elf 
arm-none-eabi-objdump -h -S Laboratorio7.elf  > "Laboratorio7.list"
   text	   data	    bss	    dec	    hex	filename
  34608	    116	  11132	  45856	   b320	Laboratorio7.elf
Finished building: default.size.stdout
 
Finished building: Laboratorio7.list
 
08:29:09 **** Incremental Build of configuration Debug for project Laboratorio7 ****
make -j8 all 
arm-none-eabi-size  Laboratorio7.elf 
   text	   data	    bss	    dec	    hex	filename
  34608	    116	  11132	  45856	   b320	Laboratorio7.elf
Finished building: default.size.stdout
 
08:32:04 **** Incremental Build of configuration Debug for project Laboratorio7 ****
make -j8 all 
arm-none-eabi-gcc "../Core/Src/main.c" -mcpu=cortex-m4 -std=gnu11 -g3 -DDEBUG -DUSE_HAL_DRIVER -DSTM32F446xx -c -I../Core/Inc -I../Drivers/STM32F4xx_HAL_Driver/Inc -I../Drivers/STM32F4xx_HAL_Driver/Inc/Legacy -I../Drivers/CMSIS/Device/ST/STM32F4xx/Include -I../Drivers/CMSIS/Include -I../FATFS/Target -I../FATFS/App -I../Middlewares/Third_Party/FatFs/src -O0 -ffunction-sections -fdata-sections -Wall -fstack-usage -fcyclomatic-complexity -MMD -MP -MF"Core/Src/main.d" -MT"Core/Src/main.o" --specs=nano.specs -mfpu=fpv4-sp-d16 -mfloat-abi=hard -mthumb -o "Core/Src/main.o"
../Core/Src/main.c: In function 'main':
../Core/Src/main.c:199:49: warning: pointer targets in passing argument 2 of 'f_open' differ in signedness [-Wpointer-sign]
  199 |                             fres = f_open(&fil, pruebas, FA_READ);
      |                                                 ^~~~~~~
      |                                                 |
      |                                                 uint8_t * {aka unsigned char *}
In file included from ../FATFS/App/fatfs.h:26,
                 from ../Core/Src/main.c:21:
../Middlewares/Third_Party/FatFs/src/ff.h:242:39: note: expected 'const TCHAR *' {aka 'const char *'} but argument is of type 'uint8_t *' {aka 'unsigned char *'}
  242 | FRESULT f_open (FIL* fp, const TCHAR* path, BYTE mode);                         /* Open or create a file */
      |                          ~~~~~~~~~~~~~^~~~
../Core/Src/main.c:226:57: warning: pointer targets in passing argument 2 of 'f_open' differ in signedness [-Wpointer-sign]
  226 |                                     fres = f_open(&fil, pruebas1, FA_READ);
      |                                                         ^~~~~~~~
      |                                                         |
      |                                                         uint8_t * {aka unsigned char *}
../Middlewares/Third_Party/FatFs/src/ff.h:242:39: note: expected 'const TCHAR *' {aka 'const char *'} but argument is of type 'uint8_t *' {aka 'unsigned char *'}
  242 | FRESULT f_open (FIL* fp, const TCHAR* path, BYTE mode);                         /* Open or create a file */
      |                          ~~~~~~~~~~~~~^~~~
../Core/Src/main.c:251:57: warning: pointer targets in passing argument 2 of 'f_open' differ in signedness [-Wpointer-sign]
  251 |                                     fres = f_open(&fil, pruebas2, FA_READ);
      |                                                         ^~~~~~~~
      |                                                         |
      |                                                         uint8_t * {aka unsigned char *}
../Middlewares/Third_Party/FatFs/src/ff.h:242:39: note: expected 'const TCHAR *' {aka 'const char *'} but argument is of type 'uint8_t *' {aka 'unsigned char *'}
  242 | FRESULT f_open (FIL* fp, const TCHAR* path, BYTE mode);                         /* Open or create a file */
      |                          ~~~~~~~~~~~~~^~~~
../Core/Src/main.c:277:57: warning: pointer targets in passing argument 2 of 'f_open' differ in signedness [-Wpointer-sign]
  277 |                                     fres = f_open(&fil, pruebas3, FA_READ);
      |                                                         ^~~~~~~~
      |                                                         |
      |                                                         uint8_t * {aka unsigned char *}
../Middlewares/Third_Party/FatFs/src/ff.h:242:39: note: expected 'const TCHAR *' {aka 'const char *'} but argument is of type 'uint8_t *' {aka 'unsigned char *'}
  242 | FRESULT f_open (FIL* fp, const TCHAR* path, BYTE mode);                         /* Open or create a file */
      |                          ~~~~~~~~~~~~~^~~~
arm-none-eabi-gcc -o "Laboratorio7.elf" @"objects.list"   -mcpu=cortex-m4 -T"C:\Users\bjosu\OneDrive\Documentos\GitHub\Digital-2\Laboratorio7\STM32F446RETX_FLASH.ld" --specs=nosys.specs -Wl,-Map="Laboratorio7.map" -Wl,--gc-sections -static --specs=nano.specs -mfpu=fpv4-sp-d16 -mfloat-abi=hard -mthumb -Wl,--start-group -lc -lm -Wl,--end-group
Finished building target: Laboratorio7.elf
 
arm-none-eabi-size  Laboratorio7.elf 
arm-none-eabi-objdump -h -S Laboratorio7.elf  > "Laboratorio7.list"
   text	   data	    bss	    dec	    hex	filename
  34608	    116	  11132	  45856	   b320	Laboratorio7.elf
Finished building: default.size.stdout
 
Finished building: Laboratorio7.list
 
08:33:23 **** Incremental Build of configuration Debug for project Laboratorio7 ****
make -j8 all 
arm-none-eabi-size  Laboratorio7.elf 
   text	   data	    bss	    dec	    hex	filename
  34608	    116	  11132	  45856	   b320	Laboratorio7.elf
Finished building: default.size.stdout
 
08:46:11 **** Incremental Build of configuration Debug for project Laboratorio7 ****
make -j8 all 
arm-none-eabi-gcc "../Core/Src/main.c" -mcpu=cortex-m4 -std=gnu11 -g3 -DDEBUG -DUSE_HAL_DRIVER -DSTM32F446xx -c -I../Core/Inc -I../Drivers/STM32F4xx_HAL_Driver/Inc -I../Drivers/STM32F4xx_HAL_Driver/Inc/Legacy -I../Drivers/CMSIS/Device/ST/STM32F4xx/Include -I../Drivers/CMSIS/Include -I../FATFS/Target -I../FATFS/App -I../Middlewares/Third_Party/FatFs/src -O0 -ffunction-sections -fdata-sections -Wall -fstack-usage -fcyclomatic-complexity -MMD -MP -MF"Core/Src/main.d" -MT"Core/Src/main.o" --specs=nano.specs -mfpu=fpv4-sp-d16 -mfloat-abi=hard -mthumb -o "Core/Src/main.o"
../Core/Src/main.c: In function 'main':
../Core/Src/main.c:199:49: warning: pointer targets in passing argument 2 of 'f_open' differ in signedness [-Wpointer-sign]
  199 |                             fres = f_open(&fil, pruebas, FA_READ);
      |                                                 ^~~~~~~
      |                                                 |
      |                                                 uint8_t * {aka unsigned char *}
In file included from ../FATFS/App/fatfs.h:26,
                 from ../Core/Src/main.c:21:
../Middlewares/Third_Party/FatFs/src/ff.h:242:39: note: expected 'const TCHAR *' {aka 'const char *'} but argument is of type 'uint8_t *' {aka 'unsigned char *'}
  242 | FRESULT f_open (FIL* fp, const TCHAR* path, BYTE mode);                         /* Open or create a file */
      |                          ~~~~~~~~~~~~~^~~~
../Core/Src/main.c:226:57: warning: pointer targets in passing argument 2 of 'f_open' differ in signedness [-Wpointer-sign]
  226 |                                     fres = f_open(&fil, pruebas1, FA_READ);
      |                                                         ^~~~~~~~
      |                                                         |
      |                                                         uint8_t * {aka unsigned char *}
../Middlewares/Third_Party/FatFs/src/ff.h:242:39: note: expected 'const TCHAR *' {aka 'const char *'} but argument is of type 'uint8_t *' {aka 'unsigned char *'}
  242 | FRESULT f_open (FIL* fp, const TCHAR* path, BYTE mode);                         /* Open or create a file */
      |                          ~~~~~~~~~~~~~^~~~
../Core/Src/main.c:251:57: warning: pointer targets in passing argument 2 of 'f_open' differ in signedness [-Wpointer-sign]
  251 |                                     fres = f_open(&fil, pruebas2, FA_READ);
      |                                                         ^~~~~~~~
      |                                                         |
      |                                                         uint8_t * {aka unsigned char *}
../Middlewares/Third_Party/FatFs/src/ff.h:242:39: note: expected 'const TCHAR *' {aka 'const char *'} but argument is of type 'uint8_t *' {aka 'unsigned char *'}
  242 | FRESULT f_open (FIL* fp, const TCHAR* path, BYTE mode);                         /* Open or create a file */
      |                          ~~~~~~~~~~~~~^~~~
../Core/Src/main.c:277:57: warning: pointer targets in passing argument 2 of 'f_open' differ in signedness [-Wpointer-sign]
  277 |                                     fres = f_open(&fil, pruebas3, FA_READ);
      |                                                         ^~~~~~~~
      |                                                         |
      |                                                         uint8_t * {aka unsigned char *}
../Middlewares/Third_Party/FatFs/src/ff.h:242:39: note: expected 'const TCHAR *' {aka 'const char *'} but argument is of type 'uint8_t *' {aka 'unsigned char *'}
  242 | FRESULT f_open (FIL* fp, const TCHAR* path, BYTE mode);                         /* Open or create a file */
      |                          ~~~~~~~~~~~~~^~~~
arm-none-eabi-gcc -o "Laboratorio7.elf" @"objects.list"   -mcpu=cortex-m4 -T"C:\Users\bjosu\OneDrive\Documentos\GitHub\Digital-2\Laboratorio7\STM32F446RETX_FLASH.ld" --specs=nosys.specs -Wl,-Map="Laboratorio7.map" -Wl,--gc-sections -static --specs=nano.specs -mfpu=fpv4-sp-d16 -mfloat-abi=hard -mthumb -Wl,--start-group -lc -lm -Wl,--end-group
Finished building target: Laboratorio7.elf
 
arm-none-eabi-size  Laboratorio7.elf 
arm-none-eabi-objdump -h -S Laboratorio7.elf  > "Laboratorio7.list"
   text	   data	    bss	    dec	    hex	filename
  34436	    116	  11132	  45684	   b274	Laboratorio7.elf
Finished building: default.size.stdout
 
Finished building: Laboratorio7.list
 
14:12:50 **** Incremental Build of configuration Debug for project Laboratorio7 ****
make -j8 all 
arm-none-eabi-gcc "../Core/Src/main.c" -mcpu=cortex-m4 -std=gnu11 -g3 -DDEBUG -DUSE_HAL_DRIVER -DSTM32F446xx -c -I../Core/Inc -I../Drivers/STM32F4xx_HAL_Driver/Inc -I../Drivers/STM32F4xx_HAL_Driver/Inc/Legacy -I../Drivers/CMSIS/Device/ST/STM32F4xx/Include -I../Drivers/CMSIS/Include -I../FATFS/Target -I../FATFS/App -I../Middlewares/Third_Party/FatFs/src -O0 -ffunction-sections -fdata-sections -Wall -fstack-usage -fcyclomatic-complexity -MMD -MP -MF"Core/Src/main.d" -MT"Core/Src/main.o" --specs=nano.specs -mfpu=fpv4-sp-d16 -mfloat-abi=hard -mthumb -o "Core/Src/main.o"
../Core/Src/main.c: In function 'main':
../Core/Src/main.c:199:49: warning: pointer targets in passing argument 2 of 'f_open' differ in signedness [-Wpointer-sign]
  199 |                             fres = f_open(&fil, pruebas, FA_READ);
      |                                                 ^~~~~~~
      |                                                 |
      |                                                 uint8_t * {aka unsigned char *}
In file included from ../FATFS/App/fatfs.h:26,
                 from ../Core/Src/main.c:21:
../Middlewares/Third_Party/FatFs/src/ff.h:242:39: note: expected 'const TCHAR *' {aka 'const char *'} but argument is of type 'uint8_t *' {aka 'unsigned char *'}
  242 | FRESULT f_open (FIL* fp, const TCHAR* path, BYTE mode);                         /* Open or create a file */
      |                          ~~~~~~~~~~~~~^~~~
../Core/Src/main.c:226:57: warning: pointer targets in passing argument 2 of 'f_open' differ in signedness [-Wpointer-sign]
  226 |                                     fres = f_open(&fil, pruebas1, FA_READ);
      |                                                         ^~~~~~~~
      |                                                         |
      |                                                         uint8_t * {aka unsigned char *}
../Middlewares/Third_Party/FatFs/src/ff.h:242:39: note: expected 'const TCHAR *' {aka 'const char *'} but argument is of type 'uint8_t *' {aka 'unsigned char *'}
  242 | FRESULT f_open (FIL* fp, const TCHAR* path, BYTE mode);                         /* Open or create a file */
      |                          ~~~~~~~~~~~~~^~~~
../Core/Src/main.c:251:57: warning: pointer targets in passing argument 2 of 'f_open' differ in signedness [-Wpointer-sign]
  251 |                                     fres = f_open(&fil, pruebas2, FA_READ);
      |                                                         ^~~~~~~~
      |                                                         |
      |                                                         uint8_t * {aka unsigned char *}
../Middlewares/Third_Party/FatFs/src/ff.h:242:39: note: expected 'const TCHAR *' {aka 'const char *'} but argument is of type 'uint8_t *' {aka 'unsigned char *'}
  242 | FRESULT f_open (FIL* fp, const TCHAR* path, BYTE mode);                         /* Open or create a file */
      |                          ~~~~~~~~~~~~~^~~~
../Core/Src/main.c:277:57: warning: pointer targets in passing argument 2 of 'f_open' differ in signedness [-Wpointer-sign]
  277 |                                     fres = f_open(&fil, pruebas3, FA_READ);
      |                                                         ^~~~~~~~
      |                                                         |
      |                                                         uint8_t * {aka unsigned char *}
../Middlewares/Third_Party/FatFs/src/ff.h:242:39: note: expected 'const TCHAR *' {aka 'const char *'} but argument is of type 'uint8_t *' {aka 'unsigned char *'}
  242 | FRESULT f_open (FIL* fp, const TCHAR* path, BYTE mode);                         /* Open or create a file */
      |                          ~~~~~~~~~~~~~^~~~
arm-none-eabi-gcc -o "Laboratorio7.elf" @"objects.list"   -mcpu=cortex-m4 -T"C:\Users\bjosu\OneDrive\Documentos\GitHub\Digital-2\Laboratorio7\STM32F446RETX_FLASH.ld" --specs=nosys.specs -Wl,-Map="Laboratorio7.map" -Wl,--gc-sections -static --specs=nano.specs -mfpu=fpv4-sp-d16 -mfloat-abi=hard -mthumb -Wl,--start-group -lc -lm -Wl,--end-group
Finished building target: Laboratorio7.elf
 
arm-none-eabi-size  Laboratorio7.elf 
arm-none-eabi-objdump -h -S Laboratorio7.elf  > "Laboratorio7.list"
   text	   data	    bss	    dec	    hex	filename
  34436	    116	  11132	  45684	   b274	Laboratorio7.elf
Finished building: default.size.stdout
 
Finished building: Laboratorio7.list
 
14:13:48 **** Incremental Build of configuration Debug for project Laboratorio7 ****
make -j8 all 
arm-none-eabi-size  Laboratorio7.elf 
   text	   data	    bss	    dec	    hex	filename
  34436	    116	  11132	  45684	   b274	Laboratorio7.elf
Finished building: default.size.stdout
 
14:14:05 **** Incremental Build of configuration Debug for project Laboratorio7 ****
make -j8 all 
arm-none-eabi-size  Laboratorio7.elf 
   text	   data	    bss	    dec	    hex	filename
  34436	    116	  11132	  45684	   b274	Laboratorio7.elf
Finished building: default.size.stdout
 
14:14:27 **** Incremental Build of configuration Debug for project Laboratorio7 ****
make -j8 all 
arm-none-eabi-size  Laboratorio7.elf 
   text	   data	    bss	    dec	    hex	filename
  34436	    116	  11132	  45684	   b274	Laboratorio7.elf
Finished building: default.size.stdout
 
14:15:58 **** Incremental Build of configuration Debug for project Laboratorio7 ****
make -j8 all 
arm-none-eabi-gcc "../Core/Src/main.c" -mcpu=cortex-m4 -std=gnu11 -g3 -DDEBUG -DUSE_HAL_DRIVER -DSTM32F446xx -c -I../Core/Inc -I../Drivers/STM32F4xx_HAL_Driver/Inc -I../Drivers/STM32F4xx_HAL_Driver/Inc/Legacy -I../Drivers/CMSIS/Device/ST/STM32F4xx/Include -I../Drivers/CMSIS/Include -I../FATFS/Target -I../FATFS/App -I../Middlewares/Third_Party/FatFs/src -O0 -ffunction-sections -fdata-sections -Wall -fstack-usage -fcyclomatic-complexity -MMD -MP -MF"Core/Src/main.d" -MT"Core/Src/main.o" --specs=nano.specs -mfpu=fpv4-sp-d16 -mfloat-abi=hard -mthumb -o "Core/Src/main.o"
../Core/Src/main.c: In function 'main':
../Core/Src/main.c:152:40: warning: pointer targets in passing argument 2 of 'HAL_UART_Transmit' differ in signedness [-Wpointer-sign]
  152 |             HAL_UART_Transmit(&huart3, "HOLA", 4, 1000);
      |                                        ^~~~~~
      |                                        |
      |                                        char *
In file included from ../Core/Inc/stm32f4xx_hal_conf.h:411,
                 from ../Drivers/STM32F4xx_HAL_Driver/Inc/stm32f4xx_hal.h:29,
                 from ../Core/Inc/main.h:30,
                 from ../Core/Src/main.c:20:
../Drivers/STM32F4xx_HAL_Driver/Inc/stm32f4xx_hal_uart.h:745:79: note: expected 'const uint8_t *' {aka 'const unsigned char *'} but argument is of type 'char *'
  745 | HAL_StatusTypeDef HAL_UART_Transmit(UART_HandleTypeDef *huart, const uint8_t *pData, uint16_t Size, uint32_t Timeout);
      |                                                                ~~~~~~~~~~~~~~~^~~~~
../Core/Src/main.c:202:49: warning: pointer targets in passing argument 2 of 'f_open' differ in signedness [-Wpointer-sign]
  202 |                             fres = f_open(&fil, pruebas, FA_READ);
      |                                                 ^~~~~~~
      |                                                 |
      |                                                 uint8_t * {aka unsigned char *}
In file included from ../FATFS/App/fatfs.h:26,
                 from ../Core/Src/main.c:21:
../Middlewares/Third_Party/FatFs/src/ff.h:242:39: note: expected 'const TCHAR *' {aka 'const char *'} but argument is of type 'uint8_t *' {aka 'unsigned char *'}
  242 | FRESULT f_open (FIL* fp, const TCHAR* path, BYTE mode);                         /* Open or create a file */
      |                          ~~~~~~~~~~~~~^~~~
../Core/Src/main.c:229:57: warning: pointer targets in passing argument 2 of 'f_open' differ in signedness [-Wpointer-sign]
  229 |                                     fres = f_open(&fil, pruebas1, FA_READ);
      |                                                         ^~~~~~~~
      |                                                         |
      |                                                         uint8_t * {aka unsigned char *}
../Middlewares/Third_Party/FatFs/src/ff.h:242:39: note: expected 'const TCHAR *' {aka 'const char *'} but argument is of type 'uint8_t *' {aka 'unsigned char *'}
  242 | FRESULT f_open (FIL* fp, const TCHAR* path, BYTE mode);                         /* Open or create a file */
      |                          ~~~~~~~~~~~~~^~~~
../Core/Src/main.c:254:57: warning: pointer targets in passing argument 2 of 'f_open' differ in signedness [-Wpointer-sign]
  254 |                                     fres = f_open(&fil, pruebas2, FA_READ);
      |                                                         ^~~~~~~~
      |                                                         |
      |                                                         uint8_t * {aka unsigned char *}
../Middlewares/Third_Party/FatFs/src/ff.h:242:39: note: expected 'const TCHAR *' {aka 'const char *'} but argument is of type 'uint8_t *' {aka 'unsigned char *'}
  242 | FRESULT f_open (FIL* fp, const TCHAR* path, BYTE mode);                         /* Open or create a file */
      |                          ~~~~~~~~~~~~~^~~~
../Core/Src/main.c:280:57: warning: pointer targets in passing argument 2 of 'f_open' differ in signedness [-Wpointer-sign]
  280 |                                     fres = f_open(&fil, pruebas3, FA_READ);
      |                                                         ^~~~~~~~
      |                                                         |
      |                                                         uint8_t * {aka unsigned char *}
../Middlewares/Third_Party/FatFs/src/ff.h:242:39: note: expected 'const TCHAR *' {aka 'const char *'} but argument is of type 'uint8_t *' {aka 'unsigned char *'}
  242 | FRESULT f_open (FIL* fp, const TCHAR* path, BYTE mode);                         /* Open or create a file */
      |                          ~~~~~~~~~~~~~^~~~
arm-none-eabi-gcc -o "Laboratorio7.elf" @"objects.list"   -mcpu=cortex-m4 -T"C:\Users\bjosu\OneDrive\Documentos\GitHub\Digital-2\Laboratorio7\STM32F446RETX_FLASH.ld" --specs=nosys.specs -Wl,-Map="Laboratorio7.map" -Wl,--gc-sections -static --specs=nano.specs -mfpu=fpv4-sp-d16 -mfloat-abi=hard -mthumb -Wl,--start-group -lc -lm -Wl,--end-group
Finished building target: Laboratorio7.elf
 
arm-none-eabi-size  Laboratorio7.elf 
arm-none-eabi-objdump -h -S Laboratorio7.elf  > "Laboratorio7.list"
   text	   data	    bss	    dec	    hex	filename
  34464	    116	  11132	  45712	   b290	Laboratorio7.elf
Finished building: default.size.stdout
 
Finished building: Laboratorio7.list
 
14:17:34 **** Incremental Build of configuration Debug for project Laboratorio7 ****
make -j8 all 
arm-none-eabi-gcc "../Core/Src/main.c" -mcpu=cortex-m4 -std=gnu11 -g3 -DDEBUG -DUSE_HAL_DRIVER -DSTM32F446xx -c -I../Core/Inc -I../Drivers/STM32F4xx_HAL_Driver/Inc -I../Drivers/STM32F4xx_HAL_Driver/Inc/Legacy -I../Drivers/CMSIS/Device/ST/STM32F4xx/Include -I../Drivers/CMSIS/Include -I../FATFS/Target -I../FATFS/App -I../Middlewares/Third_Party/FatFs/src -O0 -ffunction-sections -fdata-sections -Wall -fstack-usage -fcyclomatic-complexity -MMD -MP -MF"Core/Src/main.d" -MT"Core/Src/main.o" --specs=nano.specs -mfpu=fpv4-sp-d16 -mfloat-abi=hard -mthumb -o "Core/Src/main.o"
../Core/Src/main.c: In function 'main':
../Core/Src/main.c:152:40: warning: pointer targets in passing argument 2 of 'HAL_UART_Transmit' differ in signedness [-Wpointer-sign]
  152 |             HAL_UART_Transmit(&huart2, "HOLA", 4, 1000);
      |                                        ^~~~~~
      |                                        |
      |                                        char *
In file included from ../Core/Inc/stm32f4xx_hal_conf.h:411,
                 from ../Drivers/STM32F4xx_HAL_Driver/Inc/stm32f4xx_hal.h:29,
                 from ../Core/Inc/main.h:30,
                 from ../Core/Src/main.c:20:
../Drivers/STM32F4xx_HAL_Driver/Inc/stm32f4xx_hal_uart.h:745:79: note: expected 'const uint8_t *' {aka 'const unsigned char *'} but argument is of type 'char *'
  745 | HAL_StatusTypeDef HAL_UART_Transmit(UART_HandleTypeDef *huart, const uint8_t *pData, uint16_t Size, uint32_t Timeout);
      |                                                                ~~~~~~~~~~~~~~~^~~~~
../Core/Src/main.c:202:49: warning: pointer targets in passing argument 2 of 'f_open' differ in signedness [-Wpointer-sign]
  202 |                             fres = f_open(&fil, pruebas, FA_READ);
      |                                                 ^~~~~~~
      |                                                 |
      |                                                 uint8_t * {aka unsigned char *}
In file included from ../FATFS/App/fatfs.h:26,
                 from ../Core/Src/main.c:21:
../Middlewares/Third_Party/FatFs/src/ff.h:242:39: note: expected 'const TCHAR *' {aka 'const char *'} but argument is of type 'uint8_t *' {aka 'unsigned char *'}
  242 | FRESULT f_open (FIL* fp, const TCHAR* path, BYTE mode);                         /* Open or create a file */
      |                          ~~~~~~~~~~~~~^~~~
../Core/Src/main.c:229:57: warning: pointer targets in passing argument 2 of 'f_open' differ in signedness [-Wpointer-sign]
  229 |                                     fres = f_open(&fil, pruebas1, FA_READ);
      |                                                         ^~~~~~~~
      |                                                         |
      |                                                         uint8_t * {aka unsigned char *}
../Middlewares/Third_Party/FatFs/src/ff.h:242:39: note: expected 'const TCHAR *' {aka 'const char *'} but argument is of type 'uint8_t *' {aka 'unsigned char *'}
  242 | FRESULT f_open (FIL* fp, const TCHAR* path, BYTE mode);                         /* Open or create a file */
      |                          ~~~~~~~~~~~~~^~~~
../Core/Src/main.c:254:57: warning: pointer targets in passing argument 2 of 'f_open' differ in signedness [-Wpointer-sign]
  254 |                                     fres = f_open(&fil, pruebas2, FA_READ);
      |                                                         ^~~~~~~~
      |                                                         |
      |                                                         uint8_t * {aka unsigned char *}
../Middlewares/Third_Party/FatFs/src/ff.h:242:39: note: expected 'const TCHAR *' {aka 'const char *'} but argument is of type 'uint8_t *' {aka 'unsigned char *'}
  242 | FRESULT f_open (FIL* fp, const TCHAR* path, BYTE mode);                         /* Open or create a file */
      |                          ~~~~~~~~~~~~~^~~~
../Core/Src/main.c:280:57: warning: pointer targets in passing argument 2 of 'f_open' differ in signedness [-Wpointer-sign]
  280 |                                     fres = f_open(&fil, pruebas3, FA_READ);
      |                                                         ^~~~~~~~
      |                                                         |
      |                                                         uint8_t * {aka unsigned char *}
../Middlewares/Third_Party/FatFs/src/ff.h:242:39: note: expected 'const TCHAR *' {aka 'const char *'} but argument is of type 'uint8_t *' {aka 'unsigned char *'}
  242 | FRESULT f_open (FIL* fp, const TCHAR* path, BYTE mode);                         /* Open or create a file */
      |                          ~~~~~~~~~~~~~^~~~
arm-none-eabi-gcc -o "Laboratorio7.elf" @"objects.list"   -mcpu=cortex-m4 -T"C:\Users\bjosu\OneDrive\Documentos\GitHub\Digital-2\Laboratorio7\STM32F446RETX_FLASH.ld" --specs=nosys.specs -Wl,-Map="Laboratorio7.map" -Wl,--gc-sections -static --specs=nano.specs -mfpu=fpv4-sp-d16 -mfloat-abi=hard -mthumb -Wl,--start-group -lc -lm -Wl,--end-group
Finished building target: Laboratorio7.elf
 
arm-none-eabi-size  Laboratorio7.elf 
arm-none-eabi-objdump -h -S Laboratorio7.elf  > "Laboratorio7.list"
   text	   data	    bss	    dec	    hex	filename
  34468	    116	  11132	  45716	   b294	Laboratorio7.elf
Finished building: default.size.stdout
 
Finished building: Laboratorio7.list
 
14:29:17 **** Incremental Build of configuration Debug for project Laboratorio7 ****
make -j8 all 
arm-none-eabi-gcc "../Core/Src/main.c" -mcpu=cortex-m4 -std=gnu11 -g3 -DDEBUG -DUSE_HAL_DRIVER -DSTM32F446xx -c -I../Core/Inc -I../Drivers/STM32F4xx_HAL_Driver/Inc -I../Drivers/STM32F4xx_HAL_Driver/Inc/Legacy -I../Drivers/CMSIS/Device/ST/STM32F4xx/Include -I../Drivers/CMSIS/Include -I../FATFS/Target -I../FATFS/App -I../Middlewares/Third_Party/FatFs/src -O0 -ffunction-sections -fdata-sections -Wall -fstack-usage -fcyclomatic-complexity -MMD -MP -MF"Core/Src/main.d" -MT"Core/Src/main.o" --specs=nano.specs -mfpu=fpv4-sp-d16 -mfloat-abi=hard -mthumb -o "Core/Src/main.o"
arm-none-eabi-gcc "../Core/Src/stm32f4xx_hal_msp.c" -mcpu=cortex-m4 -std=gnu11 -g3 -DDEBUG -DUSE_HAL_DRIVER -DSTM32F446xx -c -I../Core/Inc -I../Drivers/STM32F4xx_HAL_Driver/Inc -I../Drivers/STM32F4xx_HAL_Driver/Inc/Legacy -I../Drivers/CMSIS/Device/ST/STM32F4xx/Include -I../Drivers/CMSIS/Include -I../FATFS/Target -I../FATFS/App -I../Middlewares/Third_Party/FatFs/src -O0 -ffunction-sections -fdata-sections -Wall -fstack-usage -fcyclomatic-complexity -MMD -MP -MF"Core/Src/stm32f4xx_hal_msp.d" -MT"Core/Src/stm32f4xx_hal_msp.o" --specs=nano.specs -mfpu=fpv4-sp-d16 -mfloat-abi=hard -mthumb -o "Core/Src/stm32f4xx_hal_msp.o"
arm-none-eabi-gcc "../Core/Src/stm32f4xx_it.c" -mcpu=cortex-m4 -std=gnu11 -g3 -DDEBUG -DUSE_HAL_DRIVER -DSTM32F446xx -c -I../Core/Inc -I../Drivers/STM32F4xx_HAL_Driver/Inc -I../Drivers/STM32F4xx_HAL_Driver/Inc/Legacy -I../Drivers/CMSIS/Device/ST/STM32F4xx/Include -I../Drivers/CMSIS/Include -I../FATFS/Target -I../FATFS/App -I../Middlewares/Third_Party/FatFs/src -O0 -ffunction-sections -fdata-sections -Wall -fstack-usage -fcyclomatic-complexity -MMD -MP -MF"Core/Src/stm32f4xx_it.d" -MT"Core/Src/stm32f4xx_it.o" --specs=nano.specs -mfpu=fpv4-sp-d16 -mfloat-abi=hard -mthumb -o "Core/Src/stm32f4xx_it.o"
../Core/Src/main.c: In function 'main':
../Core/Src/main.c:154:40: warning: pointer targets in passing argument 2 of 'HAL_UART_Transmit' differ in signedness [-Wpointer-sign]
  154 |             HAL_UART_Transmit(&huart1, "hola", 10, 1000);
      |                                        ^~~~~~
      |                                        |
      |                                        char *
In file included from ../Core/Inc/stm32f4xx_hal_conf.h:411,
                 from ../Drivers/STM32F4xx_HAL_Driver/Inc/stm32f4xx_hal.h:29,
                 from ../Core/Inc/main.h:30,
                 from ../Core/Src/main.c:20:
../Drivers/STM32F4xx_HAL_Driver/Inc/stm32f4xx_hal_uart.h:745:79: note: expected 'const uint8_t *' {aka 'const unsigned char *'} but argument is of type 'char *'
  745 | HAL_StatusTypeDef HAL_UART_Transmit(UART_HandleTypeDef *huart, const uint8_t *pData, uint16_t Size, uint32_t Timeout);
      |                                                                ~~~~~~~~~~~~~~~^~~~~
../Core/Src/main.c:206:49: warning: pointer targets in passing argument 2 of 'f_open' differ in signedness [-Wpointer-sign]
  206 |                             fres = f_open(&fil, pruebas, FA_READ);
      |                                                 ^~~~~~~
      |                                                 |
      |                                                 uint8_t * {aka unsigned char *}
In file included from ../FATFS/App/fatfs.h:26,
                 from ../Core/Src/main.c:21:
../Middlewares/Third_Party/FatFs/src/ff.h:242:39: note: expected 'const TCHAR *' {aka 'const char *'} but argument is of type 'uint8_t *' {aka 'unsigned char *'}
  242 | FRESULT f_open (FIL* fp, const TCHAR* path, BYTE mode);                         /* Open or create a file */
      |                          ~~~~~~~~~~~~~^~~~
../Core/Src/main.c:233:57: warning: pointer targets in passing argument 2 of 'f_open' differ in signedness [-Wpointer-sign]
  233 |                                     fres = f_open(&fil, pruebas1, FA_READ);
      |                                                         ^~~~~~~~
      |                                                         |
      |                                                         uint8_t * {aka unsigned char *}
../Middlewares/Third_Party/FatFs/src/ff.h:242:39: note: expected 'const TCHAR *' {aka 'const char *'} but argument is of type 'uint8_t *' {aka 'unsigned char *'}
  242 | FRESULT f_open (FIL* fp, const TCHAR* path, BYTE mode);                         /* Open or create a file */
      |                          ~~~~~~~~~~~~~^~~~
../Core/Src/main.c:258:57: warning: pointer targets in passing argument 2 of 'f_open' differ in signedness [-Wpointer-sign]
  258 |                                     fres = f_open(&fil, pruebas2, FA_READ);
      |                                                         ^~~~~~~~
      |                                                         |
      |                                                         uint8_t * {aka unsigned char *}
../Middlewares/Third_Party/FatFs/src/ff.h:242:39: note: expected 'const TCHAR *' {aka 'const char *'} but argument is of type 'uint8_t *' {aka 'unsigned char *'}
  242 | FRESULT f_open (FIL* fp, const TCHAR* path, BYTE mode);                         /* Open or create a file */
      |                          ~~~~~~~~~~~~~^~~~
../Core/Src/main.c:284:57: warning: pointer targets in passing argument 2 of 'f_open' differ in signedness [-Wpointer-sign]
  284 |                                     fres = f_open(&fil, pruebas3, FA_READ);
      |                                                         ^~~~~~~~
      |                                                         |
      |                                                         uint8_t * {aka unsigned char *}
../Middlewares/Third_Party/FatFs/src/ff.h:242:39: note: expected 'const TCHAR *' {aka 'const char *'} but argument is of type 'uint8_t *' {aka 'unsigned char *'}
  242 | FRESULT f_open (FIL* fp, const TCHAR* path, BYTE mode);                         /* Open or create a file */
      |                          ~~~~~~~~~~~~~^~~~
arm-none-eabi-gcc -o "Laboratorio7.elf" @"objects.list"   -mcpu=cortex-m4 -T"C:\Users\bjosu\OneDrive\Documentos\GitHub\Digital-2\Laboratorio7\STM32F446RETX_FLASH.ld" --specs=nosys.specs -Wl,-Map="Laboratorio7.map" -Wl,--gc-sections -static --specs=nano.specs -mfpu=fpv4-sp-d16 -mfloat-abi=hard -mthumb -Wl,--start-group -lc -lm -Wl,--end-group
Finished building target: Laboratorio7.elf
 
arm-none-eabi-size  Laboratorio7.elf 
arm-none-eabi-objdump -h -S Laboratorio7.elf  > "Laboratorio7.list"
   text	   data	    bss	    dec	    hex	filename
  34704	    116	  11204	  46024	   b3c8	Laboratorio7.elf
Finished building: default.size.stdout
 
Finished building: Laboratorio7.list
 
14:40:48 **** Incremental Build of configuration Debug for project Laboratorio7 ****
make -j8 all 
arm-none-eabi-gcc "../Core/Src/main.c" -mcpu=cortex-m4 -std=gnu11 -g3 -DDEBUG -DUSE_HAL_DRIVER -DSTM32F446xx -c -I../Core/Inc -I../Drivers/STM32F4xx_HAL_Driver/Inc -I../Drivers/STM32F4xx_HAL_Driver/Inc/Legacy -I../Drivers/CMSIS/Device/ST/STM32F4xx/Include -I../Drivers/CMSIS/Include -I../FATFS/Target -I../FATFS/App -I../Middlewares/Third_Party/FatFs/src -O0 -ffunction-sections -fdata-sections -Wall -fstack-usage -fcyclomatic-complexity -MMD -MP -MF"Core/Src/main.d" -MT"Core/Src/main.o" --specs=nano.specs -mfpu=fpv4-sp-d16 -mfloat-abi=hard -mthumb -o "Core/Src/main.o"
arm-none-eabi-gcc "../Core/Src/stm32f4xx_hal_msp.c" -mcpu=cortex-m4 -std=gnu11 -g3 -DDEBUG -DUSE_HAL_DRIVER -DSTM32F446xx -c -I../Core/Inc -I../Drivers/STM32F4xx_HAL_Driver/Inc -I../Drivers/STM32F4xx_HAL_Driver/Inc/Legacy -I../Drivers/CMSIS/Device/ST/STM32F4xx/Include -I../Drivers/CMSIS/Include -I../FATFS/Target -I../FATFS/App -I../Middlewares/Third_Party/FatFs/src -O0 -ffunction-sections -fdata-sections -Wall -fstack-usage -fcyclomatic-complexity -MMD -MP -MF"Core/Src/stm32f4xx_hal_msp.d" -MT"Core/Src/stm32f4xx_hal_msp.o" --specs=nano.specs -mfpu=fpv4-sp-d16 -mfloat-abi=hard -mthumb -o "Core/Src/stm32f4xx_hal_msp.o"
arm-none-eabi-gcc "../Core/Src/stm32f4xx_it.c" -mcpu=cortex-m4 -std=gnu11 -g3 -DDEBUG -DUSE_HAL_DRIVER -DSTM32F446xx -c -I../Core/Inc -I../Drivers/STM32F4xx_HAL_Driver/Inc -I../Drivers/STM32F4xx_HAL_Driver/Inc/Legacy -I../Drivers/CMSIS/Device/ST/STM32F4xx/Include -I../Drivers/CMSIS/Include -I../FATFS/Target -I../FATFS/App -I../Middlewares/Third_Party/FatFs/src -O0 -ffunction-sections -fdata-sections -Wall -fstack-usage -fcyclomatic-complexity -MMD -MP -MF"Core/Src/stm32f4xx_it.d" -MT"Core/Src/stm32f4xx_it.o" --specs=nano.specs -mfpu=fpv4-sp-d16 -mfloat-abi=hard -mthumb -o "Core/Src/stm32f4xx_it.o"
../Core/Src/main.c: In function 'main':
../Core/Src/main.c:154:40: warning: pointer targets in passing argument 2 of 'HAL_UART_Transmit' differ in signedness [-Wpointer-sign]
  154 |             HAL_UART_Transmit(&huart3, "hola", 10, 1000);
      |                                        ^~~~~~
      |                                        |
      |                                        char *
In file included from ../Core/Inc/stm32f4xx_hal_conf.h:411,
                 from ../Drivers/STM32F4xx_HAL_Driver/Inc/stm32f4xx_hal.h:29,
                 from ../Core/Inc/main.h:30,
                 from ../Core/Src/main.c:20:
../Drivers/STM32F4xx_HAL_Driver/Inc/stm32f4xx_hal_uart.h:745:79: note: expected 'const uint8_t *' {aka 'const unsigned char *'} but argument is of type 'char *'
  745 | HAL_StatusTypeDef HAL_UART_Transmit(UART_HandleTypeDef *huart, const uint8_t *pData, uint16_t Size, uint32_t Timeout);
      |                                                                ~~~~~~~~~~~~~~~^~~~~
../Core/Src/main.c:206:49: warning: pointer targets in passing argument 2 of 'f_open' differ in signedness [-Wpointer-sign]
  206 |                             fres = f_open(&fil, pruebas, FA_READ);
      |                                                 ^~~~~~~
      |                                                 |
      |                                                 uint8_t * {aka unsigned char *}
In file included from ../FATFS/App/fatfs.h:26,
                 from ../Core/Src/main.c:21:
../Middlewares/Third_Party/FatFs/src/ff.h:242:39: note: expected 'const TCHAR *' {aka 'const char *'} but argument is of type 'uint8_t *' {aka 'unsigned char *'}
  242 | FRESULT f_open (FIL* fp, const TCHAR* path, BYTE mode);                         /* Open or create a file */
      |                          ~~~~~~~~~~~~~^~~~
../Core/Src/main.c:233:57: warning: pointer targets in passing argument 2 of 'f_open' differ in signedness [-Wpointer-sign]
  233 |                                     fres = f_open(&fil, pruebas1, FA_READ);
      |                                                         ^~~~~~~~
      |                                                         |
      |                                                         uint8_t * {aka unsigned char *}
../Middlewares/Third_Party/FatFs/src/ff.h:242:39: note: expected 'const TCHAR *' {aka 'const char *'} but argument is of type 'uint8_t *' {aka 'unsigned char *'}
  242 | FRESULT f_open (FIL* fp, const TCHAR* path, BYTE mode);                         /* Open or create a file */
      |                          ~~~~~~~~~~~~~^~~~
../Core/Src/main.c:258:57: warning: pointer targets in passing argument 2 of 'f_open' differ in signedness [-Wpointer-sign]
  258 |                                     fres = f_open(&fil, pruebas2, FA_READ);
      |                                                         ^~~~~~~~
      |                                                         |
      |                                                         uint8_t * {aka unsigned char *}
../Middlewares/Third_Party/FatFs/src/ff.h:242:39: note: expected 'const TCHAR *' {aka 'const char *'} but argument is of type 'uint8_t *' {aka 'unsigned char *'}
  242 | FRESULT f_open (FIL* fp, const TCHAR* path, BYTE mode);                         /* Open or create a file */
      |                          ~~~~~~~~~~~~~^~~~
../Core/Src/main.c:284:57: warning: pointer targets in passing argument 2 of 'f_open' differ in signedness [-Wpointer-sign]
  284 |                                     fres = f_open(&fil, pruebas3, FA_READ);
      |                                                         ^~~~~~~~
      |                                                         |
      |                                                         uint8_t * {aka unsigned char *}
../Middlewares/Third_Party/FatFs/src/ff.h:242:39: note: expected 'const TCHAR *' {aka 'const char *'} but argument is of type 'uint8_t *' {aka 'unsigned char *'}
  242 | FRESULT f_open (FIL* fp, const TCHAR* path, BYTE mode);                         /* Open or create a file */
      |                          ~~~~~~~~~~~~~^~~~
arm-none-eabi-gcc -o "Laboratorio7.elf" @"objects.list"   -mcpu=cortex-m4 -T"C:\Users\bjosu\OneDrive\Documentos\GitHub\Digital-2\Laboratorio7\STM32F446RETX_FLASH.ld" --specs=nosys.specs -Wl,-Map="Laboratorio7.map" -Wl,--gc-sections -static --specs=nano.specs -mfpu=fpv4-sp-d16 -mfloat-abi=hard -mthumb -Wl,--start-group -lc -lm -Wl,--end-group
Finished building target: Laboratorio7.elf
 
arm-none-eabi-size  Laboratorio7.elf 
arm-none-eabi-objdump -h -S Laboratorio7.elf  > "Laboratorio7.list"
   text	   data	    bss	    dec	    hex	filename
  34664	    116	  11204	  45984	   b3a0	Laboratorio7.elf
Finished building: default.size.stdout
 
Finished building: Laboratorio7.list
 
14:42:42 **** Incremental Build of configuration Debug for project Laboratorio7 ****
make -j8 all 
arm-none-eabi-gcc "../Core/Src/main.c" -mcpu=cortex-m4 -std=gnu11 -g3 -DDEBUG -DUSE_HAL_DRIVER -DSTM32F446xx -c -I../Core/Inc -I../Drivers/STM32F4xx_HAL_Driver/Inc -I../Drivers/STM32F4xx_HAL_Driver/Inc/Legacy -I../Drivers/CMSIS/Device/ST/STM32F4xx/Include -I../Drivers/CMSIS/Include -I../FATFS/Target -I../FATFS/App -I../Middlewares/Third_Party/FatFs/src -O0 -ffunction-sections -fdata-sections -Wall -fstack-usage -fcyclomatic-complexity -MMD -MP -MF"Core/Src/main.d" -MT"Core/Src/main.o" --specs=nano.specs -mfpu=fpv4-sp-d16 -mfloat-abi=hard -mthumb -o "Core/Src/main.o"
../Core/Src/main.c: In function 'main':
../Core/Src/main.c:154:40: warning: pointer targets in passing argument 2 of 'HAL_UART_Transmit' differ in signedness [-Wpointer-sign]
  154 |             HAL_UART_Transmit(&huart3, "hola", 10, 1000);
      |                                        ^~~~~~
      |                                        |
      |                                        char *
In file included from ../Core/Inc/stm32f4xx_hal_conf.h:411,
                 from ../Drivers/STM32F4xx_HAL_Driver/Inc/stm32f4xx_hal.h:29,
                 from ../Core/Inc/main.h:30,
                 from ../Core/Src/main.c:20:
../Drivers/STM32F4xx_HAL_Driver/Inc/stm32f4xx_hal_uart.h:745:79: note: expected 'const uint8_t *' {aka 'const unsigned char *'} but argument is of type 'char *'
  745 | HAL_StatusTypeDef HAL_UART_Transmit(UART_HandleTypeDef *huart, const uint8_t *pData, uint16_t Size, uint32_t Timeout);
      |                                                                ~~~~~~~~~~~~~~~^~~~~
../Core/Src/main.c:157:57: warning: pointer targets in passing argument 2 of 'f_open' differ in signedness [-Wpointer-sign]
  157 |                                     fres = f_open(&fil, pruebas, FA_READ);
      |                                                         ^~~~~~~
      |                                                         |
      |                                                         uint8_t * {aka unsigned char *}
In file included from ../FATFS/App/fatfs.h:26,
                 from ../Core/Src/main.c:21:
../Middlewares/Third_Party/FatFs/src/ff.h:242:39: note: expected 'const TCHAR *' {aka 'const char *'} but argument is of type 'uint8_t *' {aka 'unsigned char *'}
  242 | FRESULT f_open (FIL* fp, const TCHAR* path, BYTE mode);                         /* Open or create a file */
      |                          ~~~~~~~~~~~~~^~~~
../Core/Src/main.c:229:49: warning: pointer targets in passing argument 2 of 'f_open' differ in signedness [-Wpointer-sign]
  229 |                             fres = f_open(&fil, pruebas, FA_READ);
      |                                                 ^~~~~~~
      |                                                 |
      |                                                 uint8_t * {aka unsigned char *}
../Middlewares/Third_Party/FatFs/src/ff.h:242:39: note: expected 'const TCHAR *' {aka 'const char *'} but argument is of type 'uint8_t *' {aka 'unsigned char *'}
  242 | FRESULT f_open (FIL* fp, const TCHAR* path, BYTE mode);                         /* Open or create a file */
      |                          ~~~~~~~~~~~~~^~~~
../Core/Src/main.c:256:57: warning: pointer targets in passing argument 2 of 'f_open' differ in signedness [-Wpointer-sign]
  256 |                                     fres = f_open(&fil, pruebas1, FA_READ);
      |                                                         ^~~~~~~~
      |                                                         |
      |                                                         uint8_t * {aka unsigned char *}
../Middlewares/Third_Party/FatFs/src/ff.h:242:39: note: expected 'const TCHAR *' {aka 'const char *'} but argument is of type 'uint8_t *' {aka 'unsigned char *'}
  242 | FRESULT f_open (FIL* fp, const TCHAR* path, BYTE mode);                         /* Open or create a file */
      |                          ~~~~~~~~~~~~~^~~~
../Core/Src/main.c:281:57: warning: pointer targets in passing argument 2 of 'f_open' differ in signedness [-Wpointer-sign]
  281 |                                     fres = f_open(&fil, pruebas2, FA_READ);
      |                                                         ^~~~~~~~
      |                                                         |
      |                                                         uint8_t * {aka unsigned char *}
../Middlewares/Third_Party/FatFs/src/ff.h:242:39: note: expected 'const TCHAR *' {aka 'const char *'} but argument is of type 'uint8_t *' {aka 'unsigned char *'}
  242 | FRESULT f_open (FIL* fp, const TCHAR* path, BYTE mode);                         /* Open or create a file */
      |                          ~~~~~~~~~~~~~^~~~
../Core/Src/main.c:307:57: warning: pointer targets in passing argument 2 of 'f_open' differ in signedness [-Wpointer-sign]
  307 |                                     fres = f_open(&fil, pruebas3, FA_READ);
      |                                                         ^~~~~~~~
      |                                                         |
      |                                                         uint8_t * {aka unsigned char *}
../Middlewares/Third_Party/FatFs/src/ff.h:242:39: note: expected 'const TCHAR *' {aka 'const char *'} but argument is of type 'uint8_t *' {aka 'unsigned char *'}
  242 | FRESULT f_open (FIL* fp, const TCHAR* path, BYTE mode);                         /* Open or create a file */
      |                          ~~~~~~~~~~~~~^~~~
arm-none-eabi-gcc -o "Laboratorio7.elf" @"objects.list"   -mcpu=cortex-m4 -T"C:\Users\bjosu\OneDrive\Documentos\GitHub\Digital-2\Laboratorio7\STM32F446RETX_FLASH.ld" --specs=nosys.specs -Wl,-Map="Laboratorio7.map" -Wl,--gc-sections -static --specs=nano.specs -mfpu=fpv4-sp-d16 -mfloat-abi=hard -mthumb -Wl,--start-group -lc -lm -Wl,--end-group
Finished building target: Laboratorio7.elf
 
arm-none-eabi-size  Laboratorio7.elf 
arm-none-eabi-objdump -h -S Laboratorio7.elf  > "Laboratorio7.list"
   text	   data	    bss	    dec	    hex	filename
  34800	    116	  11204	  46120	   b428	Laboratorio7.elf
Finished building: default.size.stdout
 
Finished building: Laboratorio7.list
 
14:45:09 **** Incremental Build of configuration Debug for project Laboratorio7 ****
make -j8 all 
arm-none-eabi-gcc "../Core/Src/main.c" -mcpu=cortex-m4 -std=gnu11 -g3 -DDEBUG -DUSE_HAL_DRIVER -DSTM32F446xx -c -I../Core/Inc -I../Drivers/STM32F4xx_HAL_Driver/Inc -I../Drivers/STM32F4xx_HAL_Driver/Inc/Legacy -I../Drivers/CMSIS/Device/ST/STM32F4xx/Include -I../Drivers/CMSIS/Include -I../FATFS/Target -I../FATFS/App -I../Middlewares/Third_Party/FatFs/src -O0 -ffunction-sections -fdata-sections -Wall -fstack-usage -fcyclomatic-complexity -MMD -MP -MF"Core/Src/main.d" -MT"Core/Src/main.o" --specs=nano.specs -mfpu=fpv4-sp-d16 -mfloat-abi=hard -mthumb -o "Core/Src/main.o"
../Core/Src/main.c: In function 'main':
../Core/Src/main.c:164:40: warning: pointer targets in passing argument 2 of 'HAL_UART_Transmit' differ in signedness [-Wpointer-sign]
  164 |             HAL_UART_Transmit(&huart3, "hola", 10, 1000);
      |                                        ^~~~~~
      |                                        |
      |                                        char *
In file included from ../Core/Inc/stm32f4xx_hal_conf.h:411,
                 from ../Drivers/STM32F4xx_HAL_Driver/Inc/stm32f4xx_hal.h:29,
                 from ../Core/Inc/main.h:30,
                 from ../Core/Src/main.c:20:
../Drivers/STM32F4xx_HAL_Driver/Inc/stm32f4xx_hal_uart.h:745:79: note: expected 'const uint8_t *' {aka 'const unsigned char *'} but argument is of type 'char *'
  745 | HAL_StatusTypeDef HAL_UART_Transmit(UART_HandleTypeDef *huart, const uint8_t *pData, uint16_t Size, uint32_t Timeout);
      |                                                                ~~~~~~~~~~~~~~~^~~~~
../Core/Src/main.c:167:57: warning: pointer targets in passing argument 2 of 'f_open' differ in signedness [-Wpointer-sign]
  167 |                                     fres = f_open(&fil, pruebas, FA_READ);
      |                                                         ^~~~~~~
      |                                                         |
      |                                                         uint8_t * {aka unsigned char *}
In file included from ../FATFS/App/fatfs.h:26,
                 from ../Core/Src/main.c:21:
../Middlewares/Third_Party/FatFs/src/ff.h:242:39: note: expected 'const TCHAR *' {aka 'const char *'} but argument is of type 'uint8_t *' {aka 'unsigned char *'}
  242 | FRESULT f_open (FIL* fp, const TCHAR* path, BYTE mode);                         /* Open or create a file */
      |                          ~~~~~~~~~~~~~^~~~
../Core/Src/main.c:239:49: warning: pointer targets in passing argument 2 of 'f_open' differ in signedness [-Wpointer-sign]
  239 |                             fres = f_open(&fil, pruebas, FA_READ);
      |                                                 ^~~~~~~
      |                                                 |
      |                                                 uint8_t * {aka unsigned char *}
../Middlewares/Third_Party/FatFs/src/ff.h:242:39: note: expected 'const TCHAR *' {aka 'const char *'} but argument is of type 'uint8_t *' {aka 'unsigned char *'}
  242 | FRESULT f_open (FIL* fp, const TCHAR* path, BYTE mode);                         /* Open or create a file */
      |                          ~~~~~~~~~~~~~^~~~
../Core/Src/main.c:266:57: warning: pointer targets in passing argument 2 of 'f_open' differ in signedness [-Wpointer-sign]
  266 |                                     fres = f_open(&fil, pruebas1, FA_READ);
      |                                                         ^~~~~~~~
      |                                                         |
      |                                                         uint8_t * {aka unsigned char *}
../Middlewares/Third_Party/FatFs/src/ff.h:242:39: note: expected 'const TCHAR *' {aka 'const char *'} but argument is of type 'uint8_t *' {aka 'unsigned char *'}
  242 | FRESULT f_open (FIL* fp, const TCHAR* path, BYTE mode);                         /* Open or create a file */
      |                          ~~~~~~~~~~~~~^~~~
../Core/Src/main.c:291:57: warning: pointer targets in passing argument 2 of 'f_open' differ in signedness [-Wpointer-sign]
  291 |                                     fres = f_open(&fil, pruebas2, FA_READ);
      |                                                         ^~~~~~~~
      |                                                         |
      |                                                         uint8_t * {aka unsigned char *}
../Middlewares/Third_Party/FatFs/src/ff.h:242:39: note: expected 'const TCHAR *' {aka 'const char *'} but argument is of type 'uint8_t *' {aka 'unsigned char *'}
  242 | FRESULT f_open (FIL* fp, const TCHAR* path, BYTE mode);                         /* Open or create a file */
      |                          ~~~~~~~~~~~~~^~~~
../Core/Src/main.c:317:57: warning: pointer targets in passing argument 2 of 'f_open' differ in signedness [-Wpointer-sign]
  317 |                                     fres = f_open(&fil, pruebas3, FA_READ);
      |                                                         ^~~~~~~~
      |                                                         |
      |                                                         uint8_t * {aka unsigned char *}
../Middlewares/Third_Party/FatFs/src/ff.h:242:39: note: expected 'const TCHAR *' {aka 'const char *'} but argument is of type 'uint8_t *' {aka 'unsigned char *'}
  242 | FRESULT f_open (FIL* fp, const TCHAR* path, BYTE mode);                         /* Open or create a file */
      |                          ~~~~~~~~~~~~~^~~~
arm-none-eabi-gcc -o "Laboratorio7.elf" @"objects.list"   -mcpu=cortex-m4 -T"C:\Users\bjosu\OneDrive\Documentos\GitHub\Digital-2\Laboratorio7\STM32F446RETX_FLASH.ld" --specs=nosys.specs -Wl,-Map="Laboratorio7.map" -Wl,--gc-sections -static --specs=nano.specs -mfpu=fpv4-sp-d16 -mfloat-abi=hard -mthumb -Wl,--start-group -lc -lm -Wl,--end-group
Finished building target: Laboratorio7.elf
 
arm-none-eabi-size  Laboratorio7.elf 
arm-none-eabi-objdump -h -S Laboratorio7.elf  > "Laboratorio7.list"
   text	   data	    bss	    dec	    hex	filename
  34848	    116	  11204	  46168	   b458	Laboratorio7.elf
Finished building: default.size.stdout
 
Finished building: Laboratorio7.list
 
14:46:04 **** Incremental Build of configuration Debug for project Laboratorio7 ****
make -j8 all 
arm-none-eabi-gcc "../Core/Src/main.c" -mcpu=cortex-m4 -std=gnu11 -g3 -DDEBUG -DUSE_HAL_DRIVER -DSTM32F446xx -c -I../Core/Inc -I../Drivers/STM32F4xx_HAL_Driver/Inc -I../Drivers/STM32F4xx_HAL_Driver/Inc/Legacy -I../Drivers/CMSIS/Device/ST/STM32F4xx/Include -I../Drivers/CMSIS/Include -I../FATFS/Target -I../FATFS/App -I../Middlewares/Third_Party/FatFs/src -O0 -ffunction-sections -fdata-sections -Wall -fstack-usage -fcyclomatic-complexity -MMD -MP -MF"Core/Src/main.d" -MT"Core/Src/main.o" --specs=nano.specs -mfpu=fpv4-sp-d16 -mfloat-abi=hard -mthumb -o "Core/Src/main.o"
../Core/Src/main.c: In function 'main':
../Core/Src/main.c:164:40: warning: pointer targets in passing argument 2 of 'HAL_UART_Transmit' differ in signedness [-Wpointer-sign]
  164 |             HAL_UART_Transmit(&huart3, "hola", 10, 1000);
      |                                        ^~~~~~
      |                                        |
      |                                        char *
In file included from ../Core/Inc/stm32f4xx_hal_conf.h:411,
                 from ../Drivers/STM32F4xx_HAL_Driver/Inc/stm32f4xx_hal.h:29,
                 from ../Core/Inc/main.h:30,
                 from ../Core/Src/main.c:20:
../Drivers/STM32F4xx_HAL_Driver/Inc/stm32f4xx_hal_uart.h:745:79: note: expected 'const uint8_t *' {aka 'const unsigned char *'} but argument is of type 'char *'
  745 | HAL_StatusTypeDef HAL_UART_Transmit(UART_HandleTypeDef *huart, const uint8_t *pData, uint16_t Size, uint32_t Timeout);
      |                                                                ~~~~~~~~~~~~~~~^~~~~
../Core/Src/main.c:167:57: warning: pointer targets in passing argument 2 of 'f_open' differ in signedness [-Wpointer-sign]
  167 |                                     fres = f_open(&fil, pruebas1, FA_READ);
      |                                                         ^~~~~~~~
      |                                                         |
      |                                                         uint8_t * {aka unsigned char *}
In file included from ../FATFS/App/fatfs.h:26,
                 from ../Core/Src/main.c:21:
../Middlewares/Third_Party/FatFs/src/ff.h:242:39: note: expected 'const TCHAR *' {aka 'const char *'} but argument is of type 'uint8_t *' {aka 'unsigned char *'}
  242 | FRESULT f_open (FIL* fp, const TCHAR* path, BYTE mode);                         /* Open or create a file */
      |                          ~~~~~~~~~~~~~^~~~
../Core/Src/main.c:239:49: warning: pointer targets in passing argument 2 of 'f_open' differ in signedness [-Wpointer-sign]
  239 |                             fres = f_open(&fil, pruebas, FA_READ);
      |                                                 ^~~~~~~
      |                                                 |
      |                                                 uint8_t * {aka unsigned char *}
../Middlewares/Third_Party/FatFs/src/ff.h:242:39: note: expected 'const TCHAR *' {aka 'const char *'} but argument is of type 'uint8_t *' {aka 'unsigned char *'}
  242 | FRESULT f_open (FIL* fp, const TCHAR* path, BYTE mode);                         /* Open or create a file */
      |                          ~~~~~~~~~~~~~^~~~
../Core/Src/main.c:266:57: warning: pointer targets in passing argument 2 of 'f_open' differ in signedness [-Wpointer-sign]
  266 |                                     fres = f_open(&fil, pruebas1, FA_READ);
      |                                                         ^~~~~~~~
      |                                                         |
      |                                                         uint8_t * {aka unsigned char *}
../Middlewares/Third_Party/FatFs/src/ff.h:242:39: note: expected 'const TCHAR *' {aka 'const char *'} but argument is of type 'uint8_t *' {aka 'unsigned char *'}
  242 | FRESULT f_open (FIL* fp, const TCHAR* path, BYTE mode);                         /* Open or create a file */
      |                          ~~~~~~~~~~~~~^~~~
../Core/Src/main.c:291:57: warning: pointer targets in passing argument 2 of 'f_open' differ in signedness [-Wpointer-sign]
  291 |                                     fres = f_open(&fil, pruebas2, FA_READ);
      |                                                         ^~~~~~~~
      |                                                         |
      |                                                         uint8_t * {aka unsigned char *}
../Middlewares/Third_Party/FatFs/src/ff.h:242:39: note: expected 'const TCHAR *' {aka 'const char *'} but argument is of type 'uint8_t *' {aka 'unsigned char *'}
  242 | FRESULT f_open (FIL* fp, const TCHAR* path, BYTE mode);                         /* Open or create a file */
      |                          ~~~~~~~~~~~~~^~~~
../Core/Src/main.c:317:57: warning: pointer targets in passing argument 2 of 'f_open' differ in signedness [-Wpointer-sign]
  317 |                                     fres = f_open(&fil, pruebas3, FA_READ);
      |                                                         ^~~~~~~~
      |                                                         |
      |                                                         uint8_t * {aka unsigned char *}
../Middlewares/Third_Party/FatFs/src/ff.h:242:39: note: expected 'const TCHAR *' {aka 'const char *'} but argument is of type 'uint8_t *' {aka 'unsigned char *'}
  242 | FRESULT f_open (FIL* fp, const TCHAR* path, BYTE mode);                         /* Open or create a file */
      |                          ~~~~~~~~~~~~~^~~~
arm-none-eabi-gcc -o "Laboratorio7.elf" @"objects.list"   -mcpu=cortex-m4 -T"C:\Users\bjosu\OneDrive\Documentos\GitHub\Digital-2\Laboratorio7\STM32F446RETX_FLASH.ld" --specs=nosys.specs -Wl,-Map="Laboratorio7.map" -Wl,--gc-sections -static --specs=nano.specs -mfpu=fpv4-sp-d16 -mfloat-abi=hard -mthumb -Wl,--start-group -lc -lm -Wl,--end-group
Finished building target: Laboratorio7.elf
 
arm-none-eabi-size  Laboratorio7.elf 
arm-none-eabi-objdump -h -S Laboratorio7.elf  > "Laboratorio7.list"
   text	   data	    bss	    dec	    hex	filename
  34848	    116	  11204	  46168	   b458	Laboratorio7.elf
Finished building: default.size.stdout
 
Finished building: Laboratorio7.list
 
09:33:19 **** Build of configuration Debug for project Laboratorio7 ****
make -j8 all 
arm-none-eabi-gcc "../Core/Src/main.c" -mcpu=cortex-m4 -std=gnu11 -g3 -DDEBUG -DUSE_HAL_DRIVER -DSTM32F446xx -c -I../Core/Inc -I../Drivers/STM32F4xx_HAL_Driver/Inc -I../Drivers/STM32F4xx_HAL_Driver/Inc/Legacy -I../Drivers/CMSIS/Device/ST/STM32F4xx/Include -I../Drivers/CMSIS/Include -I../FATFS/Target -I../FATFS/App -I../Middlewares/Third_Party/FatFs/src -O0 -ffunction-sections -fdata-sections -Wall -fstack-usage -fcyclomatic-complexity -MMD -MP -MF"Core/Src/main.d" -MT"Core/Src/main.o" --specs=nano.specs -mfpu=fpv4-sp-d16 -mfloat-abi=hard -mthumb -o "Core/Src/main.o"
arm-none-eabi-gcc "../Core/Src/stm32f4xx_hal_msp.c" -mcpu=cortex-m4 -std=gnu11 -g3 -DDEBUG -DUSE_HAL_DRIVER -DSTM32F446xx -c -I../Core/Inc -I../Drivers/STM32F4xx_HAL_Driver/Inc -I../Drivers/STM32F4xx_HAL_Driver/Inc/Legacy -I../Drivers/CMSIS/Device/ST/STM32F4xx/Include -I../Drivers/CMSIS/Include -I../FATFS/Target -I../FATFS/App -I../Middlewares/Third_Party/FatFs/src -O0 -ffunction-sections -fdata-sections -Wall -fstack-usage -fcyclomatic-complexity -MMD -MP -MF"Core/Src/stm32f4xx_hal_msp.d" -MT"Core/Src/stm32f4xx_hal_msp.o" --specs=nano.specs -mfpu=fpv4-sp-d16 -mfloat-abi=hard -mthumb -o "Core/Src/stm32f4xx_hal_msp.o"
arm-none-eabi-gcc "../Core/Src/stm32f4xx_it.c" -mcpu=cortex-m4 -std=gnu11 -g3 -DDEBUG -DUSE_HAL_DRIVER -DSTM32F446xx -c -I../Core/Inc -I../Drivers/STM32F4xx_HAL_Driver/Inc -I../Drivers/STM32F4xx_HAL_Driver/Inc/Legacy -I../Drivers/CMSIS/Device/ST/STM32F4xx/Include -I../Drivers/CMSIS/Include -I../FATFS/Target -I../FATFS/App -I../Middlewares/Third_Party/FatFs/src -O0 -ffunction-sections -fdata-sections -Wall -fstack-usage -fcyclomatic-complexity -MMD -MP -MF"Core/Src/stm32f4xx_it.d" -MT"Core/Src/stm32f4xx_it.o" --specs=nano.specs -mfpu=fpv4-sp-d16 -mfloat-abi=hard -mthumb -o "Core/Src/stm32f4xx_it.o"
../Core/Src/main.c: In function 'main':
../Core/Src/main.c:161:40: warning: pointer targets in passing argument 2 of 'HAL_UART_Transmit' differ in signedness [-Wpointer-sign]
  161 |             HAL_UART_Transmit(&huart3, "hola", 10, 1000);
      |                                        ^~~~~~
      |                                        |
      |                                        char *
In file included from ../Core/Inc/stm32f4xx_hal_conf.h:411,
                 from ../Drivers/STM32F4xx_HAL_Driver/Inc/stm32f4xx_hal.h:29,
                 from ../Core/Inc/main.h:30,
                 from ../Core/Src/main.c:20:
../Drivers/STM32F4xx_HAL_Driver/Inc/stm32f4xx_hal_uart.h:745:79: note: expected 'const uint8_t *' {aka 'const unsigned char *'} but argument is of type 'char *'
  745 | HAL_StatusTypeDef HAL_UART_Transmit(UART_HandleTypeDef *huart, const uint8_t *pData, uint16_t Size, uint32_t Timeout);
      |                                                                ~~~~~~~~~~~~~~~^~~~~
../Core/Src/main.c:164:57: warning: pointer targets in passing argument 2 of 'f_open' differ in signedness [-Wpointer-sign]
  164 |                                     fres = f_open(&fil, pruebas1, FA_READ);
      |                                                         ^~~~~~~~
      |                                                         |
      |                                                         uint8_t * {aka unsigned char *}
In file included from ../FATFS/App/fatfs.h:26,
                 from ../Core/Src/main.c:21:
../Middlewares/Third_Party/FatFs/src/ff.h:242:39: note: expected 'const TCHAR *' {aka 'const char *'} but argument is of type 'uint8_t *' {aka 'unsigned char *'}
  242 | FRESULT f_open (FIL* fp, const TCHAR* path, BYTE mode);                         /* Open or create a file */
      |                          ~~~~~~~~~~~~~^~~~
../Core/Src/main.c:236:49: warning: pointer targets in passing argument 2 of 'f_open' differ in signedness [-Wpointer-sign]
  236 |                             fres = f_open(&fil, pruebas, FA_READ);
      |                                                 ^~~~~~~
      |                                                 |
      |                                                 uint8_t * {aka unsigned char *}
../Middlewares/Third_Party/FatFs/src/ff.h:242:39: note: expected 'const TCHAR *' {aka 'const char *'} but argument is of type 'uint8_t *' {aka 'unsigned char *'}
  242 | FRESULT f_open (FIL* fp, const TCHAR* path, BYTE mode);                         /* Open or create a file */
      |                          ~~~~~~~~~~~~~^~~~
../Core/Src/main.c:263:57: warning: pointer targets in passing argument 2 of 'f_open' differ in signedness [-Wpointer-sign]
  263 |                                     fres = f_open(&fil, pruebas1, FA_READ);
      |                                                         ^~~~~~~~
      |                                                         |
      |                                                         uint8_t * {aka unsigned char *}
../Middlewares/Third_Party/FatFs/src/ff.h:242:39: note: expected 'const TCHAR *' {aka 'const char *'} but argument is of type 'uint8_t *' {aka 'unsigned char *'}
  242 | FRESULT f_open (FIL* fp, const TCHAR* path, BYTE mode);                         /* Open or create a file */
      |                          ~~~~~~~~~~~~~^~~~
../Core/Src/main.c:288:57: warning: pointer targets in passing argument 2 of 'f_open' differ in signedness [-Wpointer-sign]
  288 |                                     fres = f_open(&fil, pruebas2, FA_READ);
      |                                                         ^~~~~~~~
      |                                                         |
      |                                                         uint8_t * {aka unsigned char *}
../Middlewares/Third_Party/FatFs/src/ff.h:242:39: note: expected 'const TCHAR *' {aka 'const char *'} but argument is of type 'uint8_t *' {aka 'unsigned char *'}
  242 | FRESULT f_open (FIL* fp, const TCHAR* path, BYTE mode);                         /* Open or create a file */
      |                          ~~~~~~~~~~~~~^~~~
../Core/Src/main.c:314:57: warning: pointer targets in passing argument 2 of 'f_open' differ in signedness [-Wpointer-sign]
  314 |                                     fres = f_open(&fil, pruebas3, FA_READ);
      |                                                         ^~~~~~~~
      |                                                         |
      |                                                         uint8_t * {aka unsigned char *}
../Middlewares/Third_Party/FatFs/src/ff.h:242:39: note: expected 'const TCHAR *' {aka 'const char *'} but argument is of type 'uint8_t *' {aka 'unsigned char *'}
  242 | FRESULT f_open (FIL* fp, const TCHAR* path, BYTE mode);                         /* Open or create a file */
      |                          ~~~~~~~~~~~~~^~~~
arm-none-eabi-gcc -o "Laboratorio7.elf" @"objects.list"   -mcpu=cortex-m4 -T"C:\Users\bjosu\OneDrive\Documentos\GitHub\Digital-2\Laboratorio7\STM32F446RETX_FLASH.ld" --specs=nosys.specs -Wl,-Map="Laboratorio7.map" -Wl,--gc-sections -static --specs=nano.specs -mfpu=fpv4-sp-d16 -mfloat-abi=hard -mthumb -Wl,--start-group -lc -lm -Wl,--end-group
Finished building target: Laboratorio7.elf
 
arm-none-eabi-size  Laboratorio7.elf 
arm-none-eabi-objdump -h -S Laboratorio7.elf  > "Laboratorio7.list"
   text	   data	    bss	    dec	    hex	filename
  32144	    116	  11124	  43384	   a978	Laboratorio7.elf
Finished building: default.size.stdout
 
Finished building: Laboratorio7.list
 
09:35:56 **** Incremental Build of configuration Debug for project Laboratorio7 ****
make -j8 all 
arm-none-eabi-gcc "../Core/Src/main.c" -mcpu=cortex-m4 -std=gnu11 -g3 -DDEBUG -DUSE_HAL_DRIVER -DSTM32F446xx -c -I../Core/Inc -I../Drivers/STM32F4xx_HAL_Driver/Inc -I../Drivers/STM32F4xx_HAL_Driver/Inc/Legacy -I../Drivers/CMSIS/Device/ST/STM32F4xx/Include -I../Drivers/CMSIS/Include -I../FATFS/Target -I../FATFS/App -I../Middlewares/Third_Party/FatFs/src -O0 -ffunction-sections -fdata-sections -Wall -fstack-usage -fcyclomatic-complexity -MMD -MP -MF"Core/Src/main.d" -MT"Core/Src/main.o" --specs=nano.specs -mfpu=fpv4-sp-d16 -mfloat-abi=hard -mthumb -o "Core/Src/main.o"
../Core/Src/main.c: In function 'main':
../Core/Src/main.c:161:40: warning: pointer targets in passing argument 2 of 'HAL_UART_Transmit' differ in signedness [-Wpointer-sign]
  161 |             HAL_UART_Transmit(&huart3, "hola", 10, 1000);
      |                                        ^~~~~~
      |                                        |
      |                                        char *
In file included from ../Core/Inc/stm32f4xx_hal_conf.h:411,
                 from ../Drivers/STM32F4xx_HAL_Driver/Inc/stm32f4xx_hal.h:29,
                 from ../Core/Inc/main.h:30,
                 from ../Core/Src/main.c:20:
../Drivers/STM32F4xx_HAL_Driver/Inc/stm32f4xx_hal_uart.h:745:79: note: expected 'const uint8_t *' {aka 'const unsigned char *'} but argument is of type 'char *'
  745 | HAL_StatusTypeDef HAL_UART_Transmit(UART_HandleTypeDef *huart, const uint8_t *pData, uint16_t Size, uint32_t Timeout);
      |                                                                ~~~~~~~~~~~~~~~^~~~~
../Core/Src/main.c:164:57: warning: pointer targets in passing argument 2 of 'f_open' differ in signedness [-Wpointer-sign]
  164 |                                     fres = f_open(&fil, pruebas1, FA_READ);
      |                                                         ^~~~~~~~
      |                                                         |
      |                                                         uint8_t * {aka unsigned char *}
In file included from ../FATFS/App/fatfs.h:26,
                 from ../Core/Src/main.c:21:
../Middlewares/Third_Party/FatFs/src/ff.h:242:39: note: expected 'const TCHAR *' {aka 'const char *'} but argument is of type 'uint8_t *' {aka 'unsigned char *'}
  242 | FRESULT f_open (FIL* fp, const TCHAR* path, BYTE mode);                         /* Open or create a file */
      |                          ~~~~~~~~~~~~~^~~~
../Core/Src/main.c:236:49: warning: pointer targets in passing argument 2 of 'f_open' differ in signedness [-Wpointer-sign]
  236 |                             fres = f_open(&fil, pruebas, FA_READ);
      |                                                 ^~~~~~~
      |                                                 |
      |                                                 uint8_t * {aka unsigned char *}
../Middlewares/Third_Party/FatFs/src/ff.h:242:39: note: expected 'const TCHAR *' {aka 'const char *'} but argument is of type 'uint8_t *' {aka 'unsigned char *'}
  242 | FRESULT f_open (FIL* fp, const TCHAR* path, BYTE mode);                         /* Open or create a file */
      |                          ~~~~~~~~~~~~~^~~~
../Core/Src/main.c:263:57: warning: pointer targets in passing argument 2 of 'f_open' differ in signedness [-Wpointer-sign]
  263 |                                     fres = f_open(&fil, pruebas1, FA_READ);
      |                                                         ^~~~~~~~
      |                                                         |
      |                                                         uint8_t * {aka unsigned char *}
../Middlewares/Third_Party/FatFs/src/ff.h:242:39: note: expected 'const TCHAR *' {aka 'const char *'} but argument is of type 'uint8_t *' {aka 'unsigned char *'}
  242 | FRESULT f_open (FIL* fp, const TCHAR* path, BYTE mode);                         /* Open or create a file */
      |                          ~~~~~~~~~~~~~^~~~
../Core/Src/main.c:288:57: warning: pointer targets in passing argument 2 of 'f_open' differ in signedness [-Wpointer-sign]
  288 |                                     fres = f_open(&fil, pruebas2, FA_READ);
      |                                                         ^~~~~~~~
      |                                                         |
      |                                                         uint8_t * {aka unsigned char *}
../Middlewares/Third_Party/FatFs/src/ff.h:242:39: note: expected 'const TCHAR *' {aka 'const char *'} but argument is of type 'uint8_t *' {aka 'unsigned char *'}
  242 | FRESULT f_open (FIL* fp, const TCHAR* path, BYTE mode);                         /* Open or create a file */
      |                          ~~~~~~~~~~~~~^~~~
../Core/Src/main.c:314:57: warning: pointer targets in passing argument 2 of 'f_open' differ in signedness [-Wpointer-sign]
  314 |                                     fres = f_open(&fil, pruebas3, FA_READ);
      |                                                         ^~~~~~~~
      |                                                         |
      |                                                         uint8_t * {aka unsigned char *}
../Middlewares/Third_Party/FatFs/src/ff.h:242:39: note: expected 'const TCHAR *' {aka 'const char *'} but argument is of type 'uint8_t *' {aka 'unsigned char *'}
  242 | FRESULT f_open (FIL* fp, const TCHAR* path, BYTE mode);                         /* Open or create a file */
      |                          ~~~~~~~~~~~~~^~~~
arm-none-eabi-gcc -o "Laboratorio7.elf" @"objects.list"   -mcpu=cortex-m4 -T"C:\Users\bjosu\OneDrive\Documentos\GitHub\Digital-2\Laboratorio7\STM32F446RETX_FLASH.ld" --specs=nosys.specs -Wl,-Map="Laboratorio7.map" -Wl,--gc-sections -static --specs=nano.specs -mfpu=fpv4-sp-d16 -mfloat-abi=hard -mthumb -Wl,--start-group -lc -lm -Wl,--end-group
Finished building target: Laboratorio7.elf
 
arm-none-eabi-size  Laboratorio7.elf 
arm-none-eabi-objdump -h -S Laboratorio7.elf  > "Laboratorio7.list"
   text	   data	    bss	    dec	    hex	filename
  32144	    116	  11124	  43384	   a978	Laboratorio7.elf
Finished building: default.size.stdout
 
Finished building: Laboratorio7.list
 
09:36:13 **** Incremental Build of configuration Debug for project Laboratorio7 ****
make -j8 all 
arm-none-eabi-size  Laboratorio7.elf 
   text	   data	    bss	    dec	    hex	filename
  32144	    116	  11124	  43384	   a978	Laboratorio7.elf
Finished building: default.size.stdout
 
09:37:16 **** Incremental Build of configuration Debug for project Laboratorio7 ****
make -j8 all 
arm-none-eabi-gcc "../Core/Src/main.c" -mcpu=cortex-m4 -std=gnu11 -g3 -DDEBUG -DUSE_HAL_DRIVER -DSTM32F446xx -c -I../Core/Inc -I../Drivers/STM32F4xx_HAL_Driver/Inc -I../Drivers/STM32F4xx_HAL_Driver/Inc/Legacy -I../Drivers/CMSIS/Device/ST/STM32F4xx/Include -I../Drivers/CMSIS/Include -I../FATFS/Target -I../FATFS/App -I../Middlewares/Third_Party/FatFs/src -O0 -ffunction-sections -fdata-sections -Wall -fstack-usage -fcyclomatic-complexity -MMD -MP -MF"Core/Src/main.d" -MT"Core/Src/main.o" --specs=nano.specs -mfpu=fpv4-sp-d16 -mfloat-abi=hard -mthumb -o "Core/Src/main.o"
../Core/Src/main.c: In function 'main':
../Core/Src/main.c:161:40: warning: pointer targets in passing argument 2 of 'HAL_UART_Transmit' differ in signedness [-Wpointer-sign]
  161 |             HAL_UART_Transmit(&huart3, "hola", 10, 1000);
      |                                        ^~~~~~
      |                                        |
      |                                        char *
In file included from ../Core/Inc/stm32f4xx_hal_conf.h:411,
                 from ../Drivers/STM32F4xx_HAL_Driver/Inc/stm32f4xx_hal.h:29,
                 from ../Core/Inc/main.h:30,
                 from ../Core/Src/main.c:20:
../Drivers/STM32F4xx_HAL_Driver/Inc/stm32f4xx_hal_uart.h:745:79: note: expected 'const uint8_t *' {aka 'const unsigned char *'} but argument is of type 'char *'
  745 | HAL_StatusTypeDef HAL_UART_Transmit(UART_HandleTypeDef *huart, const uint8_t *pData, uint16_t Size, uint32_t Timeout);
      |                                                                ~~~~~~~~~~~~~~~^~~~~
../Core/Src/main.c:164:57: warning: pointer targets in passing argument 2 of 'f_open' differ in signedness [-Wpointer-sign]
  164 |                                     fres = f_open(&fil, pruebas1, FA_READ);
      |                                                         ^~~~~~~~
      |                                                         |
      |                                                         uint8_t * {aka unsigned char *}
In file included from ../FATFS/App/fatfs.h:26,
                 from ../Core/Src/main.c:21:
../Middlewares/Third_Party/FatFs/src/ff.h:242:39: note: expected 'const TCHAR *' {aka 'const char *'} but argument is of type 'uint8_t *' {aka 'unsigned char *'}
  242 | FRESULT f_open (FIL* fp, const TCHAR* path, BYTE mode);                         /* Open or create a file */
      |                          ~~~~~~~~~~~~~^~~~
../Core/Src/main.c:236:49: warning: pointer targets in passing argument 2 of 'f_open' differ in signedness [-Wpointer-sign]
  236 |                             fres = f_open(&fil, pruebas, FA_READ);
      |                                                 ^~~~~~~
      |                                                 |
      |                                                 uint8_t * {aka unsigned char *}
../Middlewares/Third_Party/FatFs/src/ff.h:242:39: note: expected 'const TCHAR *' {aka 'const char *'} but argument is of type 'uint8_t *' {aka 'unsigned char *'}
  242 | FRESULT f_open (FIL* fp, const TCHAR* path, BYTE mode);                         /* Open or create a file */
      |                          ~~~~~~~~~~~~~^~~~
../Core/Src/main.c:263:57: warning: pointer targets in passing argument 2 of 'f_open' differ in signedness [-Wpointer-sign]
  263 |                                     fres = f_open(&fil, pruebas1, FA_READ);
      |                                                         ^~~~~~~~
      |                                                         |
      |                                                         uint8_t * {aka unsigned char *}
../Middlewares/Third_Party/FatFs/src/ff.h:242:39: note: expected 'const TCHAR *' {aka 'const char *'} but argument is of type 'uint8_t *' {aka 'unsigned char *'}
  242 | FRESULT f_open (FIL* fp, const TCHAR* path, BYTE mode);                         /* Open or create a file */
      |                          ~~~~~~~~~~~~~^~~~
../Core/Src/main.c:288:57: warning: pointer targets in passing argument 2 of 'f_open' differ in signedness [-Wpointer-sign]
  288 |                                     fres = f_open(&fil, pruebas2, FA_READ);
      |                                                         ^~~~~~~~
      |                                                         |
      |                                                         uint8_t * {aka unsigned char *}
../Middlewares/Third_Party/FatFs/src/ff.h:242:39: note: expected 'const TCHAR *' {aka 'const char *'} but argument is of type 'uint8_t *' {aka 'unsigned char *'}
  242 | FRESULT f_open (FIL* fp, const TCHAR* path, BYTE mode);                         /* Open or create a file */
      |                          ~~~~~~~~~~~~~^~~~
../Core/Src/main.c:314:57: warning: pointer targets in passing argument 2 of 'f_open' differ in signedness [-Wpointer-sign]
  314 |                                     fres = f_open(&fil, pruebas3, FA_READ);
      |                                                         ^~~~~~~~
      |                                                         |
      |                                                         uint8_t * {aka unsigned char *}
../Middlewares/Third_Party/FatFs/src/ff.h:242:39: note: expected 'const TCHAR *' {aka 'const char *'} but argument is of type 'uint8_t *' {aka 'unsigned char *'}
  242 | FRESULT f_open (FIL* fp, const TCHAR* path, BYTE mode);                         /* Open or create a file */
      |                          ~~~~~~~~~~~~~^~~~
../Core/Src/main.c: In function 'HAL_UART_RxCpltCallback':
../Core/Src/main.c:556:36: warning: pointer targets in passing argument 2 of 'HAL_UART_Transmit' differ in signedness [-Wpointer-sign]
  556 |         HAL_UART_Transmit(&huart2, buffer_terminal, sizeof(buffer_terminal), 1000);
      |                                    ^~~~~~~~~~~~~~~
      |                                    |
      |                                    char *
../Drivers/STM32F4xx_HAL_Driver/Inc/stm32f4xx_hal_uart.h:745:79: note: expected 'const uint8_t *' {aka 'const unsigned char *'} but argument is of type 'char *'
  745 | HAL_StatusTypeDef HAL_UART_Transmit(UART_HandleTypeDef *huart, const uint8_t *pData, uint16_t Size, uint32_t Timeout);
      |                                                                ~~~~~~~~~~~~~~~^~~~~
../Core/Src/main.c:557:38: warning: pointer targets in passing argument 2 of 'HAL_UART_Receive_IT' differ in signedness [-Wpointer-sign]
  557 |         HAL_UART_Receive_IT(&huart2, buffer_terminal, 10);
      |                                      ^~~~~~~~~~~~~~~
      |                                      |
      |                                      char *
../Drivers/STM32F4xx_HAL_Driver/Inc/stm32f4xx_hal_uart.h:748:75: note: expected 'uint8_t *' {aka 'unsigned char *'} but argument is of type 'char *'
  748 | HAL_StatusTypeDef HAL_UART_Receive_IT(UART_HandleTypeDef *huart, uint8_t *pData, uint16_t Size);
      |                                                                  ~~~~~~~~~^~~~~
arm-none-eabi-gcc -o "Laboratorio7.elf" @"objects.list"   -mcpu=cortex-m4 -T"C:\Users\bjosu\OneDrive\Documentos\GitHub\Digital-2\Laboratorio7\STM32F446RETX_FLASH.ld" --specs=nosys.specs -Wl,-Map="Laboratorio7.map" -Wl,--gc-sections -static --specs=nano.specs -mfpu=fpv4-sp-d16 -mfloat-abi=hard -mthumb -Wl,--start-group -lc -lm -Wl,--end-group
Finished building target: Laboratorio7.elf
 
arm-none-eabi-size  Laboratorio7.elf 
arm-none-eabi-objdump -h -S Laboratorio7.elf  > "Laboratorio7.list"
   text	   data	    bss	    dec	    hex	filename
  32144	    116	  11124	  43384	   a978	Laboratorio7.elf
Finished building: default.size.stdout
 
Finished building: Laboratorio7.list
 
09:40:05 **** Incremental Build of configuration Debug for project Laboratorio7 ****
make -j8 all 
arm-none-eabi-gcc "../Core/Src/main.c" -mcpu=cortex-m4 -std=gnu11 -g3 -DDEBUG -DUSE_HAL_DRIVER -DSTM32F446xx -c -I../Core/Inc -I../Drivers/STM32F4xx_HAL_Driver/Inc -I../Drivers/STM32F4xx_HAL_Driver/Inc/Legacy -I../Drivers/CMSIS/Device/ST/STM32F4xx/Include -I../Drivers/CMSIS/Include -I../FATFS/Target -I../FATFS/App -I../Middlewares/Third_Party/FatFs/src -O0 -ffunction-sections -fdata-sections -Wall -fstack-usage -fcyclomatic-complexity -MMD -MP -MF"Core/Src/main.d" -MT"Core/Src/main.o" --specs=nano.specs -mfpu=fpv4-sp-d16 -mfloat-abi=hard -mthumb -o "Core/Src/main.o"
../Core/Src/main.c: In function 'main':
../Core/Src/main.c:236:49: warning: pointer targets in passing argument 2 of 'f_open' differ in signedness [-Wpointer-sign]
  236 |                             fres = f_open(&fil, pruebas, FA_READ);
      |                                                 ^~~~~~~
      |                                                 |
      |                                                 uint8_t * {aka unsigned char *}
In file included from ../FATFS/App/fatfs.h:26,
                 from ../Core/Src/main.c:21:
../Middlewares/Third_Party/FatFs/src/ff.h:242:39: note: expected 'const TCHAR *' {aka 'const char *'} but argument is of type 'uint8_t *' {aka 'unsigned char *'}
  242 | FRESULT f_open (FIL* fp, const TCHAR* path, BYTE mode);                         /* Open or create a file */
      |                          ~~~~~~~~~~~~~^~~~
../Core/Src/main.c:263:57: warning: pointer targets in passing argument 2 of 'f_open' differ in signedness [-Wpointer-sign]
  263 |                                     fres = f_open(&fil, pruebas1, FA_READ);
      |                                                         ^~~~~~~~
      |                                                         |
      |                                                         uint8_t * {aka unsigned char *}
../Middlewares/Third_Party/FatFs/src/ff.h:242:39: note: expected 'const TCHAR *' {aka 'const char *'} but argument is of type 'uint8_t *' {aka 'unsigned char *'}
  242 | FRESULT f_open (FIL* fp, const TCHAR* path, BYTE mode);                         /* Open or create a file */
      |                          ~~~~~~~~~~~~~^~~~
../Core/Src/main.c:288:57: warning: pointer targets in passing argument 2 of 'f_open' differ in signedness [-Wpointer-sign]
  288 |                                     fres = f_open(&fil, pruebas2, FA_READ);
      |                                                         ^~~~~~~~
      |                                                         |
      |                                                         uint8_t * {aka unsigned char *}
../Middlewares/Third_Party/FatFs/src/ff.h:242:39: note: expected 'const TCHAR *' {aka 'const char *'} but argument is of type 'uint8_t *' {aka 'unsigned char *'}
  242 | FRESULT f_open (FIL* fp, const TCHAR* path, BYTE mode);                         /* Open or create a file */
      |                          ~~~~~~~~~~~~~^~~~
../Core/Src/main.c:314:57: warning: pointer targets in passing argument 2 of 'f_open' differ in signedness [-Wpointer-sign]
  314 |                                     fres = f_open(&fil, pruebas3, FA_READ);
      |                                                         ^~~~~~~~
      |                                                         |
      |                                                         uint8_t * {aka unsigned char *}
../Middlewares/Third_Party/FatFs/src/ff.h:242:39: note: expected 'const TCHAR *' {aka 'const char *'} but argument is of type 'uint8_t *' {aka 'unsigned char *'}
  242 | FRESULT f_open (FIL* fp, const TCHAR* path, BYTE mode);                         /* Open or create a file */
      |                          ~~~~~~~~~~~~~^~~~
../Core/Src/main.c: In function 'HAL_UART_RxCpltCallback':
../Core/Src/main.c:556:36: warning: pointer targets in passing argument 2 of 'HAL_UART_Transmit' differ in signedness [-Wpointer-sign]
  556 |         HAL_UART_Transmit(&huart2, buffer_terminal, sizeof(buffer_terminal), 1000);
      |                                    ^~~~~~~~~~~~~~~
      |                                    |
      |                                    char *
In file included from ../Core/Inc/stm32f4xx_hal_conf.h:411,
                 from ../Drivers/STM32F4xx_HAL_Driver/Inc/stm32f4xx_hal.h:29,
                 from ../Core/Inc/main.h:30,
                 from ../Core/Src/main.c:20:
../Drivers/STM32F4xx_HAL_Driver/Inc/stm32f4xx_hal_uart.h:745:79: note: expected 'const uint8_t *' {aka 'const unsigned char *'} but argument is of type 'char *'
  745 | HAL_StatusTypeDef HAL_UART_Transmit(UART_HandleTypeDef *huart, const uint8_t *pData, uint16_t Size, uint32_t Timeout);
      |                                                                ~~~~~~~~~~~~~~~^~~~~
../Core/Src/main.c:557:38: warning: pointer targets in passing argument 2 of 'HAL_UART_Receive_IT' differ in signedness [-Wpointer-sign]
  557 |         HAL_UART_Receive_IT(&huart2, buffer_terminal, 10);
      |                                      ^~~~~~~~~~~~~~~
      |                                      |
      |                                      char *
../Drivers/STM32F4xx_HAL_Driver/Inc/stm32f4xx_hal_uart.h:748:75: note: expected 'uint8_t *' {aka 'unsigned char *'} but argument is of type 'char *'
  748 | HAL_StatusTypeDef HAL_UART_Receive_IT(UART_HandleTypeDef *huart, uint8_t *pData, uint16_t Size);
      |                                                                  ~~~~~~~~~^~~~~
arm-none-eabi-gcc -o "Laboratorio7.elf" @"objects.list"   -mcpu=cortex-m4 -T"C:\Users\bjosu\OneDrive\Documentos\GitHub\Digital-2\Laboratorio7\STM32F446RETX_FLASH.ld" --specs=nosys.specs -Wl,-Map="Laboratorio7.map" -Wl,--gc-sections -static --specs=nano.specs -mfpu=fpv4-sp-d16 -mfloat-abi=hard -mthumb -Wl,--start-group -lc -lm -Wl,--end-group
Finished building target: Laboratorio7.elf
 
arm-none-eabi-size  Laboratorio7.elf 
arm-none-eabi-objdump -h -S Laboratorio7.elf  > "Laboratorio7.list"
   text	   data	    bss	    dec	    hex	filename
  31984	    116	  11124	  43224	   a8d8	Laboratorio7.elf
Finished building: default.size.stdout
 
Finished building: Laboratorio7.list
 
09:40:20 **** Incremental Build of configuration Debug for project Laboratorio7 ****
make -j8 all 
arm-none-eabi-size  Laboratorio7.elf 
   text	   data	    bss	    dec	    hex	filename
  31984	    116	  11124	  43224	   a8d8	Laboratorio7.elf
Finished building: default.size.stdout
 
09:40:34 **** Incremental Build of configuration Debug for project Laboratorio7 ****
make -j8 all 
arm-none-eabi-size  Laboratorio7.elf 
   text	   data	    bss	    dec	    hex	filename
  31984	    116	  11124	  43224	   a8d8	Laboratorio7.elf
Finished building: default.size.stdout
 
09:42:30 **** Incremental Build of configuration Debug for project Laboratorio7 ****
make -j8 all 
arm-none-eabi-gcc "../Core/Src/main.c" -mcpu=cortex-m4 -std=gnu11 -g3 -DDEBUG -DUSE_HAL_DRIVER -DSTM32F446xx -c -I../Core/Inc -I../Drivers/STM32F4xx_HAL_Driver/Inc -I../Drivers/STM32F4xx_HAL_Driver/Inc/Legacy -I../Drivers/CMSIS/Device/ST/STM32F4xx/Include -I../Drivers/CMSIS/Include -I../FATFS/Target -I../FATFS/App -I../Middlewares/Third_Party/FatFs/src -O0 -ffunction-sections -fdata-sections -Wall -fstack-usage -fcyclomatic-complexity -MMD -MP -MF"Core/Src/main.d" -MT"Core/Src/main.o" --specs=nano.specs -mfpu=fpv4-sp-d16 -mfloat-abi=hard -mthumb -o "Core/Src/main.o"
../Core/Src/main.c: In function 'main':
../Core/Src/main.c:236:49: warning: pointer targets in passing argument 2 of 'f_open' differ in signedness [-Wpointer-sign]
  236 |                             fres = f_open(&fil, pruebas, FA_READ);
      |                                                 ^~~~~~~
      |                                                 |
      |                                                 uint8_t * {aka unsigned char *}
In file included from ../FATFS/App/fatfs.h:26,
                 from ../Core/Src/main.c:21:
../Middlewares/Third_Party/FatFs/src/ff.h:242:39: note: expected 'const TCHAR *' {aka 'const char *'} but argument is of type 'uint8_t *' {aka 'unsigned char *'}
  242 | FRESULT f_open (FIL* fp, const TCHAR* path, BYTE mode);                         /* Open or create a file */
      |                          ~~~~~~~~~~~~~^~~~
../Core/Src/main.c:263:57: warning: pointer targets in passing argument 2 of 'f_open' differ in signedness [-Wpointer-sign]
  263 |                                     fres = f_open(&fil, pruebas1, FA_READ);
      |                                                         ^~~~~~~~
      |                                                         |
      |                                                         uint8_t * {aka unsigned char *}
../Middlewares/Third_Party/FatFs/src/ff.h:242:39: note: expected 'const TCHAR *' {aka 'const char *'} but argument is of type 'uint8_t *' {aka 'unsigned char *'}
  242 | FRESULT f_open (FIL* fp, const TCHAR* path, BYTE mode);                         /* Open or create a file */
      |                          ~~~~~~~~~~~~~^~~~
../Core/Src/main.c:288:57: warning: pointer targets in passing argument 2 of 'f_open' differ in signedness [-Wpointer-sign]
  288 |                                     fres = f_open(&fil, pruebas2, FA_READ);
      |                                                         ^~~~~~~~
      |                                                         |
      |                                                         uint8_t * {aka unsigned char *}
../Middlewares/Third_Party/FatFs/src/ff.h:242:39: note: expected 'const TCHAR *' {aka 'const char *'} but argument is of type 'uint8_t *' {aka 'unsigned char *'}
  242 | FRESULT f_open (FIL* fp, const TCHAR* path, BYTE mode);                         /* Open or create a file */
      |                          ~~~~~~~~~~~~~^~~~
../Core/Src/main.c:314:57: warning: pointer targets in passing argument 2 of 'f_open' differ in signedness [-Wpointer-sign]
  314 |                                     fres = f_open(&fil, pruebas3, FA_READ);
      |                                                         ^~~~~~~~
      |                                                         |
      |                                                         uint8_t * {aka unsigned char *}
../Middlewares/Third_Party/FatFs/src/ff.h:242:39: note: expected 'const TCHAR *' {aka 'const char *'} but argument is of type 'uint8_t *' {aka 'unsigned char *'}
  242 | FRESULT f_open (FIL* fp, const TCHAR* path, BYTE mode);                         /* Open or create a file */
      |                          ~~~~~~~~~~~~~^~~~
../Core/Src/main.c: In function 'HAL_UART_RxCpltCallback':
../Core/Src/main.c:556:36: warning: pointer targets in passing argument 2 of 'HAL_UART_Transmit' differ in signedness [-Wpointer-sign]
  556 |         HAL_UART_Transmit(&huart2, buffer_terminal, sizeof(buffer_terminal), 1000);
      |                                    ^~~~~~~~~~~~~~~
      |                                    |
      |                                    char *
In file included from ../Core/Inc/stm32f4xx_hal_conf.h:411,
                 from ../Drivers/STM32F4xx_HAL_Driver/Inc/stm32f4xx_hal.h:29,
                 from ../Core/Inc/main.h:30,
                 from ../Core/Src/main.c:20:
../Drivers/STM32F4xx_HAL_Driver/Inc/stm32f4xx_hal_uart.h:745:79: note: expected 'const uint8_t *' {aka 'const unsigned char *'} but argument is of type 'char *'
  745 | HAL_StatusTypeDef HAL_UART_Transmit(UART_HandleTypeDef *huart, const uint8_t *pData, uint16_t Size, uint32_t Timeout);
      |                                                                ~~~~~~~~~~~~~~~^~~~~
../Core/Src/main.c:557:38: warning: pointer targets in passing argument 2 of 'HAL_UART_Receive_IT' differ in signedness [-Wpointer-sign]
  557 |         HAL_UART_Receive_IT(&huart2, buffer_terminal, 10);
      |                                      ^~~~~~~~~~~~~~~
      |                                      |
      |                                      char *
../Drivers/STM32F4xx_HAL_Driver/Inc/stm32f4xx_hal_uart.h:748:75: note: expected 'uint8_t *' {aka 'unsigned char *'} but argument is of type 'char *'
  748 | HAL_StatusTypeDef HAL_UART_Receive_IT(UART_HandleTypeDef *huart, uint8_t *pData, uint16_t Size);
      |                                                                  ~~~~~~~~~^~~~~
arm-none-eabi-gcc -o "Laboratorio7.elf" @"objects.list"   -mcpu=cortex-m4 -T"C:\Users\bjosu\OneDrive\Documentos\GitHub\Digital-2\Laboratorio7\STM32F446RETX_FLASH.ld" --specs=nosys.specs -Wl,-Map="Laboratorio7.map" -Wl,--gc-sections -static --specs=nano.specs -mfpu=fpv4-sp-d16 -mfloat-abi=hard -mthumb -Wl,--start-group -lc -lm -Wl,--end-group
Finished building target: Laboratorio7.elf
 
arm-none-eabi-size  Laboratorio7.elf 
arm-none-eabi-objdump -h -S Laboratorio7.elf  > "Laboratorio7.list"
   text	   data	    bss	    dec	    hex	filename
  32152	    116	  11132	  43400	   a988	Laboratorio7.elf
Finished building: default.size.stdout
 
Finished building: Laboratorio7.list
 
09:43:19 **** Incremental Build of configuration Debug for project Laboratorio7 ****
make -j8 all 
arm-none-eabi-size  Laboratorio7.elf 
   text	   data	    bss	    dec	    hex	filename
  32152	    116	  11132	  43400	   a988	Laboratorio7.elf
Finished building: default.size.stdout
 
09:44:08 **** Incremental Build of configuration Debug for project Laboratorio7 ****
make -j8 all 
arm-none-eabi-gcc "../Core/Src/stm32f4xx_hal_msp.c" -mcpu=cortex-m4 -std=gnu11 -g3 -DDEBUG -DUSE_HAL_DRIVER -DSTM32F446xx -c -I../Core/Inc -I../Drivers/STM32F4xx_HAL_Driver/Inc -I../Drivers/STM32F4xx_HAL_Driver/Inc/Legacy -I../Drivers/CMSIS/Device/ST/STM32F4xx/Include -I../Drivers/CMSIS/Include -I../FATFS/Target -I../FATFS/App -I../Middlewares/Third_Party/FatFs/src -O0 -ffunction-sections -fdata-sections -Wall -fstack-usage -fcyclomatic-complexity -MMD -MP -MF"Core/Src/stm32f4xx_hal_msp.d" -MT"Core/Src/stm32f4xx_hal_msp.o" --specs=nano.specs -mfpu=fpv4-sp-d16 -mfloat-abi=hard -mthumb -o "Core/Src/stm32f4xx_hal_msp.o"
arm-none-eabi-gcc "../Core/Src/stm32f4xx_it.c" -mcpu=cortex-m4 -std=gnu11 -g3 -DDEBUG -DUSE_HAL_DRIVER -DSTM32F446xx -c -I../Core/Inc -I../Drivers/STM32F4xx_HAL_Driver/Inc -I../Drivers/STM32F4xx_HAL_Driver/Inc/Legacy -I../Drivers/CMSIS/Device/ST/STM32F4xx/Include -I../Drivers/CMSIS/Include -I../FATFS/Target -I../FATFS/App -I../Middlewares/Third_Party/FatFs/src -O0 -ffunction-sections -fdata-sections -Wall -fstack-usage -fcyclomatic-complexity -MMD -MP -MF"Core/Src/stm32f4xx_it.d" -MT"Core/Src/stm32f4xx_it.o" --specs=nano.specs -mfpu=fpv4-sp-d16 -mfloat-abi=hard -mthumb -o "Core/Src/stm32f4xx_it.o"
arm-none-eabi-gcc -o "Laboratorio7.elf" @"objects.list"   -mcpu=cortex-m4 -T"C:\Users\bjosu\OneDrive\Documentos\GitHub\Digital-2\Laboratorio7\STM32F446RETX_FLASH.ld" --specs=nosys.specs -Wl,-Map="Laboratorio7.map" -Wl,--gc-sections -static --specs=nano.specs -mfpu=fpv4-sp-d16 -mfloat-abi=hard -mthumb -Wl,--start-group -lc -lm -Wl,--end-group
Finished building target: Laboratorio7.elf
 
arm-none-eabi-size  Laboratorio7.elf 
arm-none-eabi-objdump -h -S Laboratorio7.elf  > "Laboratorio7.list"
   text	   data	    bss	    dec	    hex	filename
  34624	    116	  11132	  45872	   b330	Laboratorio7.elf
Finished building: default.size.stdout
 
Finished building: Laboratorio7.list
 
09:45:51 **** Incremental Build of configuration Debug for project Laboratorio7 ****
make -j8 all 
arm-none-eabi-gcc "../Core/Src/main.c" -mcpu=cortex-m4 -std=gnu11 -g3 -DDEBUG -DUSE_HAL_DRIVER -DSTM32F446xx -c -I../Core/Inc -I../Drivers/STM32F4xx_HAL_Driver/Inc -I../Drivers/STM32F4xx_HAL_Driver/Inc/Legacy -I../Drivers/CMSIS/Device/ST/STM32F4xx/Include -I../Drivers/CMSIS/Include -I../FATFS/Target -I../FATFS/App -I../Middlewares/Third_Party/FatFs/src -O0 -ffunction-sections -fdata-sections -Wall -fstack-usage -fcyclomatic-complexity -MMD -MP -MF"Core/Src/main.d" -MT"Core/Src/main.o" --specs=nano.specs -mfpu=fpv4-sp-d16 -mfloat-abi=hard -mthumb -o "Core/Src/main.o"
../Core/Src/main.c: In function 'main':
../Core/Src/main.c:237:49: warning: pointer targets in passing argument 2 of 'f_open' differ in signedness [-Wpointer-sign]
  237 |                             fres = f_open(&fil, pruebas, FA_READ);
      |                                                 ^~~~~~~
      |                                                 |
      |                                                 uint8_t * {aka unsigned char *}
In file included from ../FATFS/App/fatfs.h:26,
                 from ../Core/Src/main.c:21:
../Middlewares/Third_Party/FatFs/src/ff.h:242:39: note: expected 'const TCHAR *' {aka 'const char *'} but argument is of type 'uint8_t *' {aka 'unsigned char *'}
  242 | FRESULT f_open (FIL* fp, const TCHAR* path, BYTE mode);                         /* Open or create a file */
      |                          ~~~~~~~~~~~~~^~~~
../Core/Src/main.c:264:57: warning: pointer targets in passing argument 2 of 'f_open' differ in signedness [-Wpointer-sign]
  264 |                                     fres = f_open(&fil, pruebas1, FA_READ);
      |                                                         ^~~~~~~~
      |                                                         |
      |                                                         uint8_t * {aka unsigned char *}
../Middlewares/Third_Party/FatFs/src/ff.h:242:39: note: expected 'const TCHAR *' {aka 'const char *'} but argument is of type 'uint8_t *' {aka 'unsigned char *'}
  242 | FRESULT f_open (FIL* fp, const TCHAR* path, BYTE mode);                         /* Open or create a file */
      |                          ~~~~~~~~~~~~~^~~~
../Core/Src/main.c:289:57: warning: pointer targets in passing argument 2 of 'f_open' differ in signedness [-Wpointer-sign]
  289 |                                     fres = f_open(&fil, pruebas2, FA_READ);
      |                                                         ^~~~~~~~
      |                                                         |
      |                                                         uint8_t * {aka unsigned char *}
../Middlewares/Third_Party/FatFs/src/ff.h:242:39: note: expected 'const TCHAR *' {aka 'const char *'} but argument is of type 'uint8_t *' {aka 'unsigned char *'}
  242 | FRESULT f_open (FIL* fp, const TCHAR* path, BYTE mode);                         /* Open or create a file */
      |                          ~~~~~~~~~~~~~^~~~
../Core/Src/main.c:315:57: warning: pointer targets in passing argument 2 of 'f_open' differ in signedness [-Wpointer-sign]
  315 |                                     fres = f_open(&fil, pruebas3, FA_READ);
      |                                                         ^~~~~~~~
      |                                                         |
      |                                                         uint8_t * {aka unsigned char *}
../Middlewares/Third_Party/FatFs/src/ff.h:242:39: note: expected 'const TCHAR *' {aka 'const char *'} but argument is of type 'uint8_t *' {aka 'unsigned char *'}
  242 | FRESULT f_open (FIL* fp, const TCHAR* path, BYTE mode);                         /* Open or create a file */
      |                          ~~~~~~~~~~~~~^~~~
../Core/Src/main.c: In function 'HAL_UART_RxCpltCallback':
../Core/Src/main.c:557:36: warning: pointer targets in passing argument 2 of 'HAL_UART_Transmit' differ in signedness [-Wpointer-sign]
  557 |         HAL_UART_Transmit(&huart2, buffer_terminal, sizeof(buffer_terminal), 1000);
      |                                    ^~~~~~~~~~~~~~~
      |                                    |
      |                                    char *
In file included from ../Core/Inc/stm32f4xx_hal_conf.h:411,
                 from ../Drivers/STM32F4xx_HAL_Driver/Inc/stm32f4xx_hal.h:29,
                 from ../Core/Inc/main.h:30,
                 from ../Core/Src/main.c:20:
../Drivers/STM32F4xx_HAL_Driver/Inc/stm32f4xx_hal_uart.h:745:79: note: expected 'const uint8_t *' {aka 'const unsigned char *'} but argument is of type 'char *'
  745 | HAL_StatusTypeDef HAL_UART_Transmit(UART_HandleTypeDef *huart, const uint8_t *pData, uint16_t Size, uint32_t Timeout);
      |                                                                ~~~~~~~~~~~~~~~^~~~~
../Core/Src/main.c:558:38: warning: pointer targets in passing argument 2 of 'HAL_UART_Receive_IT' differ in signedness [-Wpointer-sign]
  558 |         HAL_UART_Receive_IT(&huart2, buffer_terminal, 10);
      |                                      ^~~~~~~~~~~~~~~
      |                                      |
      |                                      char *
../Drivers/STM32F4xx_HAL_Driver/Inc/stm32f4xx_hal_uart.h:748:75: note: expected 'uint8_t *' {aka 'unsigned char *'} but argument is of type 'char *'
  748 | HAL_StatusTypeDef HAL_UART_Receive_IT(UART_HandleTypeDef *huart, uint8_t *pData, uint16_t Size);
      |                                                                  ~~~~~~~~~^~~~~
arm-none-eabi-gcc -o "Laboratorio7.elf" @"objects.list"   -mcpu=cortex-m4 -T"C:\Users\bjosu\OneDrive\Documentos\GitHub\Digital-2\Laboratorio7\STM32F446RETX_FLASH.ld" --specs=nosys.specs -Wl,-Map="Laboratorio7.map" -Wl,--gc-sections -static --specs=nano.specs -mfpu=fpv4-sp-d16 -mfloat-abi=hard -mthumb -Wl,--start-group -lc -lm -Wl,--end-group
Finished building target: Laboratorio7.elf
 
arm-none-eabi-size  Laboratorio7.elf 
arm-none-eabi-objdump -h -S Laboratorio7.elf  > "Laboratorio7.list"
   text	   data	    bss	    dec	    hex	filename
  34624	    116	  11132	  45872	   b330	Laboratorio7.elf
Finished building: default.size.stdout
 
Finished building: Laboratorio7.list
 
09:50:14 **** Incremental Build of configuration Debug for project Laboratorio7 ****
make -j8 all 
arm-none-eabi-gcc "../Core/Src/main.c" -mcpu=cortex-m4 -std=gnu11 -g3 -DDEBUG -DUSE_HAL_DRIVER -DSTM32F446xx -c -I../Core/Inc -I../Drivers/STM32F4xx_HAL_Driver/Inc -I../Drivers/STM32F4xx_HAL_Driver/Inc/Legacy -I../Drivers/CMSIS/Device/ST/STM32F4xx/Include -I../Drivers/CMSIS/Include -I../FATFS/Target -I../FATFS/App -I../Middlewares/Third_Party/FatFs/src -O0 -ffunction-sections -fdata-sections -Wall -fstack-usage -fcyclomatic-complexity -MMD -MP -MF"Core/Src/main.d" -MT"Core/Src/main.o" --specs=nano.specs -mfpu=fpv4-sp-d16 -mfloat-abi=hard -mthumb -o "Core/Src/main.o"
../Core/Src/main.c: In function 'main':
../Core/Src/main.c:139:32: warning: pointer targets in passing argument 2 of 'HAL_UART_Receive_IT' differ in signedness [-Wpointer-sign]
  139 |   HAL_UART_Receive_IT(&huart3, buffer_terminal, 10)
      |                                ^~~~~~~~~~~~~~~
      |                                |
      |                                char *
In file included from ../Core/Inc/stm32f4xx_hal_conf.h:411,
                 from ../Drivers/STM32F4xx_HAL_Driver/Inc/stm32f4xx_hal.h:29,
                 from ../Core/Inc/main.h:30,
                 from ../Core/Src/main.c:20:
../Drivers/STM32F4xx_HAL_Driver/Inc/stm32f4xx_hal_uart.h:748:75: note: expected 'uint8_t *' {aka 'unsigned char *'} but argument is of type 'char *'
  748 | HAL_StatusTypeDef HAL_UART_Receive_IT(UART_HandleTypeDef *huart, uint8_t *pData, uint16_t Size);
      |                                                                  ~~~~~~~~~^~~~~
../Core/Src/main.c:139:52: error: expected ';' before 'while'
  139 |   HAL_UART_Receive_IT(&huart3, buffer_terminal, 10)
      |                                                    ^
      |                                                    ;
......
  148 |   while (1)
      |   ~~~~~                                             
../Core/Src/main.c:125:11: warning: unused variable 'pruebas3' [-Wunused-variable]
  125 |   uint8_t pruebas3[] = "pruebas3.txt";
      |           ^~~~~~~~
../Core/Src/main.c:124:11: warning: unused variable 'pruebas2' [-Wunused-variable]
  124 |   uint8_t pruebas2[] = "pruebas2.txt";
      |           ^~~~~~~~
../Core/Src/main.c:123:11: warning: unused variable 'pruebas1' [-Wunused-variable]
  123 |   uint8_t pruebas1[] = "pruebas1.txt";
      |           ^~~~~~~~
../Core/Src/main.c:122:11: warning: unused variable 'pruebas' [-Wunused-variable]
  122 |   uint8_t pruebas[] = "pruebas.txt";
      |           ^~~~~~~
../Core/Src/main.c: In function 'HAL_UART_RxCpltCallback':
../Core/Src/main.c:558:36: warning: pointer targets in passing argument 2 of 'HAL_UART_Transmit' differ in signedness [-Wpointer-sign]
  558 |         HAL_UART_Transmit(&huart3, buffer_terminal, sizeof(buffer_terminal), 1000);
      |                                    ^~~~~~~~~~~~~~~
      |                                    |
      |                                    char *
../Drivers/STM32F4xx_HAL_Driver/Inc/stm32f4xx_hal_uart.h:745:79: note: expected 'const uint8_t *' {aka 'const unsigned char *'} but argument is of type 'char *'
  745 | HAL_StatusTypeDef HAL_UART_Transmit(UART_HandleTypeDef *huart, const uint8_t *pData, uint16_t Size, uint32_t Timeout);
      |                                                                ~~~~~~~~~~~~~~~^~~~~
../Core/Src/main.c:559:38: warning: pointer targets in passing argument 2 of 'HAL_UART_Receive_IT' differ in signedness [-Wpointer-sign]
  559 |         HAL_UART_Receive_IT(&huart3, buffer_terminal, 10);
      |                                      ^~~~~~~~~~~~~~~
      |                                      |
      |                                      char *
../Drivers/STM32F4xx_HAL_Driver/Inc/stm32f4xx_hal_uart.h:748:75: note: expected 'uint8_t *' {aka 'unsigned char *'} but argument is of type 'char *'
  748 | HAL_StatusTypeDef HAL_UART_Receive_IT(UART_HandleTypeDef *huart, uint8_t *pData, uint16_t Size);
      |                                                                  ~~~~~~~~~^~~~~
make: *** [Core/Src/subdir.mk:37: Core/Src/main.o] Error 1
"make -j8 all" terminated with exit code 2. Build might be incomplete.
09:50:44 **** Incremental Build of configuration Debug for project Laboratorio7 ****
make -j8 all 
arm-none-eabi-gcc "../Core/Src/main.c" -mcpu=cortex-m4 -std=gnu11 -g3 -DDEBUG -DUSE_HAL_DRIVER -DSTM32F446xx -c -I../Core/Inc -I../Drivers/STM32F4xx_HAL_Driver/Inc -I../Drivers/STM32F4xx_HAL_Driver/Inc/Legacy -I../Drivers/CMSIS/Device/ST/STM32F4xx/Include -I../Drivers/CMSIS/Include -I../FATFS/Target -I../FATFS/App -I../Middlewares/Third_Party/FatFs/src -O0 -ffunction-sections -fdata-sections -Wall -fstack-usage -fcyclomatic-complexity -MMD -MP -MF"Core/Src/main.d" -MT"Core/Src/main.o" --specs=nano.specs -mfpu=fpv4-sp-d16 -mfloat-abi=hard -mthumb -o "Core/Src/main.o"
../Core/Src/main.c: In function 'main':
../Core/Src/main.c:139:32: warning: pointer targets in passing argument 2 of 'HAL_UART_Receive_IT' differ in signedness [-Wpointer-sign]
  139 |   HAL_UART_Receive_IT(&huart3, buffer_terminal, 10);
      |                                ^~~~~~~~~~~~~~~
      |                                |
      |                                char *
In file included from ../Core/Inc/stm32f4xx_hal_conf.h:411,
                 from ../Drivers/STM32F4xx_HAL_Driver/Inc/stm32f4xx_hal.h:29,
                 from ../Core/Inc/main.h:30,
                 from ../Core/Src/main.c:20:
../Drivers/STM32F4xx_HAL_Driver/Inc/stm32f4xx_hal_uart.h:748:75: note: expected 'uint8_t *' {aka 'unsigned char *'} but argument is of type 'char *'
  748 | HAL_StatusTypeDef HAL_UART_Receive_IT(UART_HandleTypeDef *huart, uint8_t *pData, uint16_t Size);
      |                                                                  ~~~~~~~~~^~~~~
../Core/Src/main.c:238:49: warning: pointer targets in passing argument 2 of 'f_open' differ in signedness [-Wpointer-sign]
  238 |                             fres = f_open(&fil, pruebas, FA_READ);
      |                                                 ^~~~~~~
      |                                                 |
      |                                                 uint8_t * {aka unsigned char *}
In file included from ../FATFS/App/fatfs.h:26,
                 from ../Core/Src/main.c:21:
../Middlewares/Third_Party/FatFs/src/ff.h:242:39: note: expected 'const TCHAR *' {aka 'const char *'} but argument is of type 'uint8_t *' {aka 'unsigned char *'}
  242 | FRESULT f_open (FIL* fp, const TCHAR* path, BYTE mode);                         /* Open or create a file */
      |                          ~~~~~~~~~~~~~^~~~
../Core/Src/main.c:265:57: warning: pointer targets in passing argument 2 of 'f_open' differ in signedness [-Wpointer-sign]
  265 |                                     fres = f_open(&fil, pruebas1, FA_READ);
      |                                                         ^~~~~~~~
      |                                                         |
      |                                                         uint8_t * {aka unsigned char *}
../Middlewares/Third_Party/FatFs/src/ff.h:242:39: note: expected 'const TCHAR *' {aka 'const char *'} but argument is of type 'uint8_t *' {aka 'unsigned char *'}
  242 | FRESULT f_open (FIL* fp, const TCHAR* path, BYTE mode);                         /* Open or create a file */
      |                          ~~~~~~~~~~~~~^~~~
../Core/Src/main.c:290:57: warning: pointer targets in passing argument 2 of 'f_open' differ in signedness [-Wpointer-sign]
  290 |                                     fres = f_open(&fil, pruebas2, FA_READ);
      |                                                         ^~~~~~~~
      |                                                         |
      |                                                         uint8_t * {aka unsigned char *}
../Middlewares/Third_Party/FatFs/src/ff.h:242:39: note: expected 'const TCHAR *' {aka 'const char *'} but argument is of type 'uint8_t *' {aka 'unsigned char *'}
  242 | FRESULT f_open (FIL* fp, const TCHAR* path, BYTE mode);                         /* Open or create a file */
      |                          ~~~~~~~~~~~~~^~~~
../Core/Src/main.c:316:57: warning: pointer targets in passing argument 2 of 'f_open' differ in signedness [-Wpointer-sign]
  316 |                                     fres = f_open(&fil, pruebas3, FA_READ);
      |                                                         ^~~~~~~~
      |                                                         |
      |                                                         uint8_t * {aka unsigned char *}
../Middlewares/Third_Party/FatFs/src/ff.h:242:39: note: expected 'const TCHAR *' {aka 'const char *'} but argument is of type 'uint8_t *' {aka 'unsigned char *'}
  242 | FRESULT f_open (FIL* fp, const TCHAR* path, BYTE mode);                         /* Open or create a file */
      |                          ~~~~~~~~~~~~~^~~~
../Core/Src/main.c: In function 'HAL_UART_RxCpltCallback':
../Core/Src/main.c:558:36: warning: pointer targets in passing argument 2 of 'HAL_UART_Transmit' differ in signedness [-Wpointer-sign]
  558 |         HAL_UART_Transmit(&huart3, buffer_terminal, sizeof(buffer_terminal), 1000);
      |                                    ^~~~~~~~~~~~~~~
      |                                    |
      |                                    char *
../Drivers/STM32F4xx_HAL_Driver/Inc/stm32f4xx_hal_uart.h:745:79: note: expected 'const uint8_t *' {aka 'const unsigned char *'} but argument is of type 'char *'
  745 | HAL_StatusTypeDef HAL_UART_Transmit(UART_HandleTypeDef *huart, const uint8_t *pData, uint16_t Size, uint32_t Timeout);
      |                                                                ~~~~~~~~~~~~~~~^~~~~
../Core/Src/main.c:559:38: warning: pointer targets in passing argument 2 of 'HAL_UART_Receive_IT' differ in signedness [-Wpointer-sign]
  559 |         HAL_UART_Receive_IT(&huart3, buffer_terminal, 10);
      |                                      ^~~~~~~~~~~~~~~
      |                                      |
      |                                      char *
../Drivers/STM32F4xx_HAL_Driver/Inc/stm32f4xx_hal_uart.h:748:75: note: expected 'uint8_t *' {aka 'unsigned char *'} but argument is of type 'char *'
  748 | HAL_StatusTypeDef HAL_UART_Receive_IT(UART_HandleTypeDef *huart, uint8_t *pData, uint16_t Size);
      |                                                                  ~~~~~~~~~^~~~~
arm-none-eabi-gcc -o "Laboratorio7.elf" @"objects.list"   -mcpu=cortex-m4 -T"C:\Users\bjosu\OneDrive\Documentos\GitHub\Digital-2\Laboratorio7\STM32F446RETX_FLASH.ld" --specs=nosys.specs -Wl,-Map="Laboratorio7.map" -Wl,--gc-sections -static --specs=nano.specs -mfpu=fpv4-sp-d16 -mfloat-abi=hard -mthumb -Wl,--start-group -lc -lm -Wl,--end-group
Finished building target: Laboratorio7.elf
 
arm-none-eabi-size  Laboratorio7.elf 
arm-none-eabi-objdump -h -S Laboratorio7.elf  > "Laboratorio7.list"
   text	   data	    bss	    dec	    hex	filename
  34620	    116	  11132	  45868	   b32c	Laboratorio7.elf
Finished building: default.size.stdout
 
Finished building: Laboratorio7.list
 
09:51:56 **** Incremental Build of configuration Debug for project Laboratorio7 ****
make -j8 all 
arm-none-eabi-gcc "../Core/Src/main.c" -mcpu=cortex-m4 -std=gnu11 -g3 -DDEBUG -DUSE_HAL_DRIVER -DSTM32F446xx -c -I../Core/Inc -I../Drivers/STM32F4xx_HAL_Driver/Inc -I../Drivers/STM32F4xx_HAL_Driver/Inc/Legacy -I../Drivers/CMSIS/Device/ST/STM32F4xx/Include -I../Drivers/CMSIS/Include -I../FATFS/Target -I../FATFS/App -I../Middlewares/Third_Party/FatFs/src -O0 -ffunction-sections -fdata-sections -Wall -fstack-usage -fcyclomatic-complexity -MMD -MP -MF"Core/Src/main.d" -MT"Core/Src/main.o" --specs=nano.specs -mfpu=fpv4-sp-d16 -mfloat-abi=hard -mthumb -o "Core/Src/main.o"
../Core/Src/main.c: In function 'main':
../Core/Src/main.c:139:32: warning: pointer targets in passing argument 2 of 'HAL_UART_Receive_IT' differ in signedness [-Wpointer-sign]
  139 |   HAL_UART_Receive_IT(&huart3, buffer_terminal, 10);
      |                                ^~~~~~~~~~~~~~~
      |                                |
      |                                char *
In file included from ../Core/Inc/stm32f4xx_hal_conf.h:411,
                 from ../Drivers/STM32F4xx_HAL_Driver/Inc/stm32f4xx_hal.h:29,
                 from ../Core/Inc/main.h:30,
                 from ../Core/Src/main.c:20:
../Drivers/STM32F4xx_HAL_Driver/Inc/stm32f4xx_hal_uart.h:748:75: note: expected 'uint8_t *' {aka 'unsigned char *'} but argument is of type 'char *'
  748 | HAL_StatusTypeDef HAL_UART_Receive_IT(UART_HandleTypeDef *huart, uint8_t *pData, uint16_t Size);
      |                                                                  ~~~~~~~~~^~~~~
../Core/Src/main.c:238:49: warning: pointer targets in passing argument 2 of 'f_open' differ in signedness [-Wpointer-sign]
  238 |                             fres = f_open(&fil, pruebas, FA_READ);
      |                                                 ^~~~~~~
      |                                                 |
      |                                                 uint8_t * {aka unsigned char *}
In file included from ../FATFS/App/fatfs.h:26,
                 from ../Core/Src/main.c:21:
../Middlewares/Third_Party/FatFs/src/ff.h:242:39: note: expected 'const TCHAR *' {aka 'const char *'} but argument is of type 'uint8_t *' {aka 'unsigned char *'}
  242 | FRESULT f_open (FIL* fp, const TCHAR* path, BYTE mode);                         /* Open or create a file */
      |                          ~~~~~~~~~~~~~^~~~
../Core/Src/main.c:265:57: warning: pointer targets in passing argument 2 of 'f_open' differ in signedness [-Wpointer-sign]
  265 |                                     fres = f_open(&fil, pruebas1, FA_READ);
      |                                                         ^~~~~~~~
      |                                                         |
      |                                                         uint8_t * {aka unsigned char *}
../Middlewares/Third_Party/FatFs/src/ff.h:242:39: note: expected 'const TCHAR *' {aka 'const char *'} but argument is of type 'uint8_t *' {aka 'unsigned char *'}
  242 | FRESULT f_open (FIL* fp, const TCHAR* path, BYTE mode);                         /* Open or create a file */
      |                          ~~~~~~~~~~~~~^~~~
../Core/Src/main.c:290:57: warning: pointer targets in passing argument 2 of 'f_open' differ in signedness [-Wpointer-sign]
  290 |                                     fres = f_open(&fil, pruebas2, FA_READ);
      |                                                         ^~~~~~~~
      |                                                         |
      |                                                         uint8_t * {aka unsigned char *}
../Middlewares/Third_Party/FatFs/src/ff.h:242:39: note: expected 'const TCHAR *' {aka 'const char *'} but argument is of type 'uint8_t *' {aka 'unsigned char *'}
  242 | FRESULT f_open (FIL* fp, const TCHAR* path, BYTE mode);                         /* Open or create a file */
      |                          ~~~~~~~~~~~~~^~~~
../Core/Src/main.c:316:57: warning: pointer targets in passing argument 2 of 'f_open' differ in signedness [-Wpointer-sign]
  316 |                                     fres = f_open(&fil, pruebas3, FA_READ);
      |                                                         ^~~~~~~~
      |                                                         |
      |                                                         uint8_t * {aka unsigned char *}
../Middlewares/Third_Party/FatFs/src/ff.h:242:39: note: expected 'const TCHAR *' {aka 'const char *'} but argument is of type 'uint8_t *' {aka 'unsigned char *'}
  242 | FRESULT f_open (FIL* fp, const TCHAR* path, BYTE mode);                         /* Open or create a file */
      |                          ~~~~~~~~~~~~~^~~~
arm-none-eabi-gcc -o "Laboratorio7.elf" @"objects.list"   -mcpu=cortex-m4 -T"C:\Users\bjosu\OneDrive\Documentos\GitHub\Digital-2\Laboratorio7\STM32F446RETX_FLASH.ld" --specs=nosys.specs -Wl,-Map="Laboratorio7.map" -Wl,--gc-sections -static --specs=nano.specs -mfpu=fpv4-sp-d16 -mfloat-abi=hard -mthumb -Wl,--start-group -lc -lm -Wl,--end-group
Finished building target: Laboratorio7.elf
 
arm-none-eabi-size  Laboratorio7.elf 
arm-none-eabi-objdump -h -S Laboratorio7.elf  > "Laboratorio7.list"
   text	   data	    bss	    dec	    hex	filename
  34656	    116	  11132	  45904	   b350	Laboratorio7.elf
Finished building: default.size.stdout
 
Finished building: Laboratorio7.list
 
10:03:21 **** Incremental Build of configuration Debug for project Laboratorio7 ****
make -j8 all 
arm-none-eabi-gcc "../Core/Src/main.c" -mcpu=cortex-m4 -std=gnu11 -g3 -DDEBUG -DUSE_HAL_DRIVER -DSTM32F446xx -c -I../Core/Inc -I../Drivers/STM32F4xx_HAL_Driver/Inc -I../Drivers/STM32F4xx_HAL_Driver/Inc/Legacy -I../Drivers/CMSIS/Device/ST/STM32F4xx/Include -I../Drivers/CMSIS/Include -I../FATFS/Target -I../FATFS/App -I../Middlewares/Third_Party/FatFs/src -O0 -ffunction-sections -fdata-sections -Wall -fstack-usage -fcyclomatic-complexity -MMD -MP -MF"Core/Src/main.d" -MT"Core/Src/main.o" --specs=nano.specs -mfpu=fpv4-sp-d16 -mfloat-abi=hard -mthumb -o "Core/Src/main.o"
arm-none-eabi-gcc "../Core/Src/stm32f4xx_hal_msp.c" -mcpu=cortex-m4 -std=gnu11 -g3 -DDEBUG -DUSE_HAL_DRIVER -DSTM32F446xx -c -I../Core/Inc -I../Drivers/STM32F4xx_HAL_Driver/Inc -I../Drivers/STM32F4xx_HAL_Driver/Inc/Legacy -I../Drivers/CMSIS/Device/ST/STM32F4xx/Include -I../Drivers/CMSIS/Include -I../FATFS/Target -I../FATFS/App -I../Middlewares/Third_Party/FatFs/src -O0 -ffunction-sections -fdata-sections -Wall -fstack-usage -fcyclomatic-complexity -MMD -MP -MF"Core/Src/stm32f4xx_hal_msp.d" -MT"Core/Src/stm32f4xx_hal_msp.o" --specs=nano.specs -mfpu=fpv4-sp-d16 -mfloat-abi=hard -mthumb -o "Core/Src/stm32f4xx_hal_msp.o"
arm-none-eabi-gcc "../Core/Src/stm32f4xx_it.c" -mcpu=cortex-m4 -std=gnu11 -g3 -DDEBUG -DUSE_HAL_DRIVER -DSTM32F446xx -c -I../Core/Inc -I../Drivers/STM32F4xx_HAL_Driver/Inc -I../Drivers/STM32F4xx_HAL_Driver/Inc/Legacy -I../Drivers/CMSIS/Device/ST/STM32F4xx/Include -I../Drivers/CMSIS/Include -I../FATFS/Target -I../FATFS/App -I../Middlewares/Third_Party/FatFs/src -O0 -ffunction-sections -fdata-sections -Wall -fstack-usage -fcyclomatic-complexity -MMD -MP -MF"Core/Src/stm32f4xx_it.d" -MT"Core/Src/stm32f4xx_it.o" --specs=nano.specs -mfpu=fpv4-sp-d16 -mfloat-abi=hard -mthumb -o "Core/Src/stm32f4xx_it.o"
../Core/Src/main.c: In function 'main':
../Core/Src/main.c:139:32: warning: pointer targets in passing argument 2 of 'HAL_UART_Receive_IT' differ in signedness [-Wpointer-sign]
  139 |   HAL_UART_Receive_IT(&huart2, buffer_terminal, 10);
      |                                ^~~~~~~~~~~~~~~
      |                                |
      |                                char *
In file included from ../Core/Inc/stm32f4xx_hal_conf.h:411,
                 from ../Drivers/STM32F4xx_HAL_Driver/Inc/stm32f4xx_hal.h:29,
                 from ../Core/Inc/main.h:30,
                 from ../Core/Src/main.c:20:
../Drivers/STM32F4xx_HAL_Driver/Inc/stm32f4xx_hal_uart.h:748:75: note: expected 'uint8_t *' {aka 'unsigned char *'} but argument is of type 'char *'
  748 | HAL_StatusTypeDef HAL_UART_Receive_IT(UART_HandleTypeDef *huart, uint8_t *pData, uint16_t Size);
      |                                                                  ~~~~~~~~~^~~~~
../Core/Src/main.c:238:49: warning: pointer targets in passing argument 2 of 'f_open' differ in signedness [-Wpointer-sign]
  238 |                             fres = f_open(&fil, pruebas, FA_READ);
      |                                                 ^~~~~~~
      |                                                 |
      |                                                 uint8_t * {aka unsigned char *}
In file included from ../FATFS/App/fatfs.h:26,
                 from ../Core/Src/main.c:21:
../Middlewares/Third_Party/FatFs/src/ff.h:242:39: note: expected 'const TCHAR *' {aka 'const char *'} but argument is of type 'uint8_t *' {aka 'unsigned char *'}
  242 | FRESULT f_open (FIL* fp, const TCHAR* path, BYTE mode);                         /* Open or create a file */
      |                          ~~~~~~~~~~~~~^~~~
../Core/Src/main.c:265:57: warning: pointer targets in passing argument 2 of 'f_open' differ in signedness [-Wpointer-sign]
  265 |                                     fres = f_open(&fil, pruebas1, FA_READ);
      |                                                         ^~~~~~~~
      |                                                         |
      |                                                         uint8_t * {aka unsigned char *}
../Middlewares/Third_Party/FatFs/src/ff.h:242:39: note: expected 'const TCHAR *' {aka 'const char *'} but argument is of type 'uint8_t *' {aka 'unsigned char *'}
  242 | FRESULT f_open (FIL* fp, const TCHAR* path, BYTE mode);                         /* Open or create a file */
      |                          ~~~~~~~~~~~~~^~~~
../Core/Src/main.c:290:57: warning: pointer targets in passing argument 2 of 'f_open' differ in signedness [-Wpointer-sign]
  290 |                                     fres = f_open(&fil, pruebas2, FA_READ);
      |                                                         ^~~~~~~~
      |                                                         |
      |                                                         uint8_t * {aka unsigned char *}
../Middlewares/Third_Party/FatFs/src/ff.h:242:39: note: expected 'const TCHAR *' {aka 'const char *'} but argument is of type 'uint8_t *' {aka 'unsigned char *'}
  242 | FRESULT f_open (FIL* fp, const TCHAR* path, BYTE mode);                         /* Open or create a file */
      |                          ~~~~~~~~~~~~~^~~~
../Core/Src/main.c:316:57: warning: pointer targets in passing argument 2 of 'f_open' differ in signedness [-Wpointer-sign]
  316 |                                     fres = f_open(&fil, pruebas3, FA_READ);
      |                                                         ^~~~~~~~
      |                                                         |
      |                                                         uint8_t * {aka unsigned char *}
../Middlewares/Third_Party/FatFs/src/ff.h:242:39: note: expected 'const TCHAR *' {aka 'const char *'} but argument is of type 'uint8_t *' {aka 'unsigned char *'}
  242 | FRESULT f_open (FIL* fp, const TCHAR* path, BYTE mode);                         /* Open or create a file */
      |                          ~~~~~~~~~~~~~^~~~
arm-none-eabi-gcc -o "Laboratorio7.elf" @"objects.list"   -mcpu=cortex-m4 -T"C:\Users\bjosu\OneDrive\Documentos\GitHub\Digital-2\Laboratorio7\STM32F446RETX_FLASH.ld" --specs=nosys.specs -Wl,-Map="Laboratorio7.map" -Wl,--gc-sections -static --specs=nano.specs -mfpu=fpv4-sp-d16 -mfloat-abi=hard -mthumb -Wl,--start-group -lc -lm -Wl,--end-group
Finished building target: Laboratorio7.elf
 
arm-none-eabi-size  Laboratorio7.elf 
arm-none-eabi-objdump -h -S Laboratorio7.elf  > "Laboratorio7.list"
   text	   data	    bss	    dec	    hex	filename
  34656	    116	  11132	  45904	   b350	Laboratorio7.elf
Finished building: default.size.stdout
 
Finished building: Laboratorio7.list
 
10:05:04 **** Incremental Build of configuration Debug for project Laboratorio7 ****
make -j8 all 
arm-none-eabi-size  Laboratorio7.elf 
   text	   data	    bss	    dec	    hex	filename
  34656	    116	  11132	  45904	   b350	Laboratorio7.elf
Finished building: default.size.stdout
 
10:10:08 **** Build of configuration Debug for project Lab6 ****
make -j8 all 
arm-none-eabi-size  Lab6.elf 
   text	   data	    bss	    dec	    hex	filename
  15304	     12	   1884	  17200	   4330	Lab6.elf
Finished building: default.size.stdout
 
10:10:09 **** Build of configuration Debug for project Laboratorio 5 ****
make -j8 all 
arm-none-eabi-size  Laboratorio\ 5.elf 
   text	   data	    bss	    dec	    hex	filename
   9936	     12	   1652	  11600	   2d50	Laboratorio 5.elf
Finished building: default.size.stdout
 
10:10:10 **** Build of configuration Debug for project Laboratorio 6 ****
make -j8 all 
arm-none-eabi-size  Laboratorio\ 6.elf 
   text	   data	    bss	    dec	    hex	filename
  23128	    108	   2260	  25496	   6398	Laboratorio 6.elf
Finished building: default.size.stdout
 
10:10:11 **** Incremental Build of configuration Debug for project Laboratorio7 ****
make -j8 all 
arm-none-eabi-size  Laboratorio7.elf 
   text	   data	    bss	    dec	    hex	filename
  34656	    116	  11132	  45904	   b350	Laboratorio7.elf
Finished building: default.size.stdout
 
10:10:12 **** Build of configuration Debug for project prueba ****
make -j8 all 
arm-none-eabi-size  prueba.elf 
   text	   data	    bss	    dec	    hex	filename
   8468	     12	   1644	  10124	   278c	prueba.elf
Finished building: default.size.stdout
 
